This is ApacheBench, Version 2.3 <$Revision: 1879490 $>
Copyright 1996 Adam Twiss, Zeus Technology Ltd, http://www.zeustech.net/
Licensed to The Apache Software Foundation, http://www.apache.org/

Benchmarking localhost (be patient)


Server Software:        nginx/1.18.0
Server Hostname:        localhost
Server Port:            80

Document Path:          /
Document Length:        35111 bytes

Concurrency Level:      1
Time taken for tests:   30.074 seconds
Complete requests:      387
Failed requests:        0
Total transferred:      13731921 bytes
HTML transferred:       13587957 bytes
Requests per second:    12.87 [#/sec] (mean)
Time per request:       77.712 [ms] (mean)
Time per request:       77.712 [ms] (mean, across all concurrent requests)
Transfer rate:          445.90 [Kbytes/sec] received

Connection Times (ms)
              min  mean[+/-sd] median   max
Connect:        0    0   0.0      0       0
Processing:    74   78   8.1     77     223
Waiting:       74   78   8.1     76     223
Total:         74   78   8.1     77     223

Percentage of the requests served within a certain time (ms)
  50%     77
  66%     77
  75%     77
  80%     77
  90%     79
  95%     83
  98%     87
  99%     92
 100%    223 (longest request)
