This is ApacheBench, Version 2.3 <$Revision: 1879490 $>
Copyright 1996 Adam Twiss, Zeus Technology Ltd, http://www.zeustech.net/
Licensed to The Apache Software Foundation, http://www.apache.org/

Benchmarking localhost (be patient)


Server Software:        nginx/1.18.0
Server Hostname:        localhost
Server Port:            80

Document Path:          /
Document Length:        31711 bytes

Concurrency Level:      1
Time taken for tests:   30.020 seconds
Complete requests:      1300
Failed requests:        0
Total transferred:      41707900 bytes
HTML transferred:       41224300 bytes
Requests per second:    43.30 [#/sec] (mean)
Time per request:       23.092 [ms] (mean)
Time per request:       23.092 [ms] (mean, across all concurrent requests)
Transfer rate:          1356.77 [Kbytes/sec] received

Connection Times (ms)
              min  mean[+/-sd] median   max
Connect:        0    0   0.0      0       0
Processing:    22   23   1.0     23      38
Waiting:       22   23   1.0     23      38
Total:         22   23   1.0     23      38

Percentage of the requests served within a certain time (ms)
  50%     23
  66%     23
  75%     23
  80%     23
  90%     24
  95%     24
  98%     25
  99%     27
 100%     38 (longest request)
