This is ApacheBench, Version 2.3 <$Revision: 1879490 $>
Copyright 1996 Adam Twiss, Zeus Technology Ltd, http://www.zeustech.net/
Licensed to The Apache Software Foundation, http://www.apache.org/

Benchmarking localhost (be patient)


Server Software:        nginx/1.18.0
Server Hostname:        localhost
Server Port:            80

Document Path:          /
Document Length:        31711 bytes

Concurrency Level:      1
Time taken for tests:   30.011 seconds
Complete requests:      955
Failed requests:        0
Total transferred:      30639265 bytes
HTML transferred:       30284005 bytes
Requests per second:    31.82 [#/sec] (mean)
Time per request:       31.425 [ms] (mean)
Time per request:       31.425 [ms] (mean, across all concurrent requests)
Transfer rate:          997.00 [Kbytes/sec] received

Connection Times (ms)
              min  mean[+/-sd] median   max
Connect:        0    0   0.0      0       0
Processing:    30   31   1.3     31      51
Waiting:       30   31   1.3     31      51
Total:         30   31   1.3     31      51

Percentage of the requests served within a certain time (ms)
  50%     31
  66%     31
  75%     32
  80%     32
  90%     32
  95%     32
  98%     33
  99%     36
 100%     51 (longest request)
