This is ApacheBench, Version 2.3 <$Revision: 1879490 $>
Copyright 1996 Adam Twiss, Zeus Technology Ltd, http://www.zeustech.net/
Licensed to The Apache Software Foundation, http://www.apache.org/

Benchmarking localhost (be patient)


Server Software:        nginx/1.18.0
Server Hostname:        localhost
Server Port:            80

Document Path:          /
Document Length:        35111 bytes

Concurrency Level:      1
Time taken for tests:   30.052 seconds
Complete requests:      395
Failed requests:        0
Total transferred:      14015785 bytes
HTML transferred:       13868845 bytes
Requests per second:    13.14 [#/sec] (mean)
Time per request:       76.080 [ms] (mean)
Time per request:       76.080 [ms] (mean, across all concurrent requests)
Transfer rate:          455.46 [Kbytes/sec] received

Connection Times (ms)
              min  mean[+/-sd] median   max
Connect:        0    0   0.0      0       0
Processing:    73   76   3.2     75     114
Waiting:       73   76   3.2     75     114
Total:         73   76   3.2     75     114

Percentage of the requests served within a certain time (ms)
  50%     75
  66%     76
  75%     76
  80%     77
  90%     78
  95%     80
  98%     86
  99%     91
 100%    114 (longest request)
