This is ApacheBench, Version 2.3 <$Revision: 1879490 $>
Copyright 1996 Adam Twiss, Zeus Technology Ltd, http://www.zeustech.net/
Licensed to The Apache Software Foundation, http://www.apache.org/

Benchmarking localhost (be patient)


Server Software:        nginx/1.18.0
Server Hostname:        localhost
Server Port:            80

Document Path:          /
Document Length:        35111 bytes

Concurrency Level:      1
Time taken for tests:   30.067 seconds
Complete requests:      388
Failed requests:        0
Total transferred:      13767404 bytes
HTML transferred:       13623068 bytes
Requests per second:    12.90 [#/sec] (mean)
Time per request:       77.492 [ms] (mean)
Time per request:       77.492 [ms] (mean, across all concurrent requests)
Transfer rate:          447.16 [Kbytes/sec] received

Connection Times (ms)
              min  mean[+/-sd] median   max
Connect:        0    0   0.0      0       0
Processing:    74   77   4.7     76     138
Waiting:       74   77   4.6     76     138
Total:         74   77   4.7     76     138

Percentage of the requests served within a certain time (ms)
  50%     76
  66%     77
  75%     78
  80%     78
  90%     81
  95%     83
  98%     87
  99%     95
 100%    138 (longest request)
