This is ApacheBench, Version 2.3 <$Revision: 1879490 $>
Copyright 1996 Adam Twiss, Zeus Technology Ltd, http://www.zeustech.net/
Licensed to The Apache Software Foundation, http://www.apache.org/

Benchmarking localhost (be patient)


Server Software:        nginx/1.18.0
Server Hostname:        localhost
Server Port:            80

Document Path:          /
Document Length:        35111 bytes

Concurrency Level:      1
Time taken for tests:   30.001 seconds
Complete requests:      358
Failed requests:        0
Total transferred:      12702914 bytes
HTML transferred:       12569738 bytes
Requests per second:    11.93 [#/sec] (mean)
Time per request:       83.801 [ms] (mean)
Time per request:       83.801 [ms] (mean, across all concurrent requests)
Transfer rate:          413.50 [Kbytes/sec] received

Connection Times (ms)
              min  mean[+/-sd] median   max
Connect:        0    0   0.0      0       0
Processing:    80   84   4.1     82     129
Waiting:       80   84   4.1     82     129
Total:         80   84   4.1     82     129

Percentage of the requests served within a certain time (ms)
  50%     82
  66%     83
  75%     85
  80%     86
  90%     89
  95%     90
  98%     95
  99%     96
 100%    129 (longest request)
