This is ApacheBench, Version 2.3 <$Revision: 1879490 $>
Copyright 1996 Adam Twiss, Zeus Technology Ltd, http://www.zeustech.net/
Licensed to The Apache Software Foundation, http://www.apache.org/

Benchmarking localhost (be patient)


Server Software:        nginx/1.18.0
Server Hostname:        localhost
Server Port:            80

Document Path:          /
Document Length:        31711 bytes

Concurrency Level:      1
Time taken for tests:   30.013 seconds
Complete requests:      1280
Failed requests:        0
Total transferred:      41066240 bytes
HTML transferred:       40590080 bytes
Requests per second:    42.65 [#/sec] (mean)
Time per request:       23.447 [ms] (mean)
Time per request:       23.447 [ms] (mean, across all concurrent requests)
Transfer rate:          1336.23 [Kbytes/sec] received

Connection Times (ms)
              min  mean[+/-sd] median   max
Connect:        0    0   0.0      0       0
Processing:    21   23   1.1     23      40
Waiting:       21   23   1.1     23      40
Total:         21   23   1.1     23      40

Percentage of the requests served within a certain time (ms)
  50%     23
  66%     23
  75%     24
  80%     24
  90%     24
  95%     24
  98%     25
  99%     27
 100%     40 (longest request)
