This is ApacheBench, Version 2.3 <$Revision: 1879490 $>
Copyright 1996 Adam Twiss, Zeus Technology Ltd, http://www.zeustech.net/
Licensed to The Apache Software Foundation, http://www.apache.org/

Benchmarking localhost (be patient)


Server Software:        nginx/1.18.0
Server Hostname:        localhost
Server Port:            80

Document Path:          /
Document Length:        31711 bytes

Concurrency Level:      1
Time taken for tests:   30.027 seconds
Complete requests:      1105
Failed requests:        0
Total transferred:      35451715 bytes
HTML transferred:       35040655 bytes
Requests per second:    36.80 [#/sec] (mean)
Time per request:       27.174 [ms] (mean)
Time per request:       27.174 [ms] (mean, across all concurrent requests)
Transfer rate:          1152.99 [Kbytes/sec] received

Connection Times (ms)
              min  mean[+/-sd] median   max
Connect:        0    0   0.0      0       0
Processing:    25   27   1.6     27      43
Waiting:       25   27   1.6     27      43
Total:         25   27   1.6     27      43

Percentage of the requests served within a certain time (ms)
  50%     27
  66%     27
  75%     27
  80%     28
  90%     28
  95%     28
  98%     31
  99%     35
 100%     43 (longest request)
