This is ApacheBench, Version 2.3 <$Revision: 1879490 $>
Copyright 1996 Adam Twiss, Zeus Technology Ltd, http://www.zeustech.net/
Licensed to The Apache Software Foundation, http://www.apache.org/

Benchmarking localhost (be patient)


Server Software:        nginx/1.18.0
Server Hostname:        localhost
Server Port:            80

Document Path:          /
Document Length:        31711 bytes

Concurrency Level:      1
Time taken for tests:   3.068 seconds
Complete requests:      110
Failed requests:        0
Total transferred:      3529130 bytes
HTML transferred:       3488210 bytes
Requests per second:    35.85 [#/sec] (mean)
Time per request:       27.895 [ms] (mean)
Time per request:       27.895 [ms] (mean, across all concurrent requests)
Transfer rate:          1123.18 [Kbytes/sec] received

Connection Times (ms)
              min  mean[+/-sd] median   max
Connect:        0    0   0.0      0       0
Processing:    25   28   3.3     27      53
Waiting:       25   28   3.3     27      53
Total:         25   28   3.3     27      53

Percentage of the requests served within a certain time (ms)
  50%     27
  66%     27
  75%     27
  80%     28
  90%     28
  95%     30
  98%     38
  99%     40
 100%     53 (longest request)
