This is ApacheBench, Version 2.3 <$Revision: 1879490 $>
Copyright 1996 Adam Twiss, Zeus Technology Ltd, http://www.zeustech.net/
Licensed to The Apache Software Foundation, http://www.apache.org/

Benchmarking localhost (be patient)


Server Software:        nginx/1.18.0
Server Hostname:        localhost
Server Port:            80

Document Path:          /
Document Length:        35111 bytes

Concurrency Level:      1
Time taken for tests:   30.043 seconds
Complete requests:      401
Failed requests:        0
Total transferred:      14228683 bytes
HTML transferred:       14079511 bytes
Requests per second:    13.35 [#/sec] (mean)
Time per request:       74.921 [ms] (mean)
Time per request:       74.921 [ms] (mean, across all concurrent requests)
Transfer rate:          462.51 [Kbytes/sec] received

Connection Times (ms)
              min  mean[+/-sd] median   max
Connect:        0    0   0.0      0       0
Processing:    73   75   2.7     74     108
Waiting:       73   75   2.7     74     108
Total:         73   75   2.7     75     108

Percentage of the requests served within a certain time (ms)
  50%     75
  66%     75
  75%     75
  80%     75
  90%     76
  95%     77
  98%     82
  99%     86
 100%    108 (longest request)
