This is ApacheBench, Version 2.3 <$Revision: 1879490 $>
Copyright 1996 Adam Twiss, Zeus Technology Ltd, http://www.zeustech.net/
Licensed to The Apache Software Foundation, http://www.apache.org/

Benchmarking localhost (be patient)


Server Software:        nginx/1.18.0
Server Hostname:        localhost
Server Port:            80

Document Path:          /
Document Length:        31711 bytes

Concurrency Level:      1
Time taken for tests:   30.015 seconds
Complete requests:      1282
Failed requests:        0
Total transferred:      41130406 bytes
HTML transferred:       40653502 bytes
Requests per second:    42.71 [#/sec] (mean)
Time per request:       23.413 [ms] (mean)
Time per request:       23.413 [ms] (mean, across all concurrent requests)
Transfer rate:          1338.20 [Kbytes/sec] received

Connection Times (ms)
              min  mean[+/-sd] median   max
Connect:        0    0   0.0      0       0
Processing:    22   23   1.5     23      43
Waiting:       22   23   1.5     23      43
Total:         22   23   1.5     23      43

Percentage of the requests served within a certain time (ms)
  50%     23
  66%     23
  75%     24
  80%     24
  90%     24
  95%     24
  98%     27
  99%     32
 100%     43 (longest request)
