This is ApacheBench, Version 2.3 <$Revision: 1879490 $>
Copyright 1996 Adam Twiss, Zeus Technology Ltd, http://www.zeustech.net/
Licensed to The Apache Software Foundation, http://www.apache.org/

Benchmarking localhost (be patient)


Server Software:        nginx/1.18.0
Server Hostname:        localhost
Server Port:            80

Document Path:          /
Document Length:        35111 bytes

Concurrency Level:      1
Time taken for tests:   30.055 seconds
Complete requests:      384
Failed requests:        0
Total transferred:      13625472 bytes
HTML transferred:       13482624 bytes
Requests per second:    12.78 [#/sec] (mean)
Time per request:       78.268 [ms] (mean)
Time per request:       78.268 [ms] (mean, across all concurrent requests)
Transfer rate:          442.73 [Kbytes/sec] received

Connection Times (ms)
              min  mean[+/-sd] median   max
Connect:        0    0   0.1      0       1
Processing:    75   78   3.4     77     116
Waiting:       75   78   3.4     77     116
Total:         75   78   3.4     77     116

Percentage of the requests served within a certain time (ms)
  50%     77
  66%     78
  75%     79
  80%     80
  90%     82
  95%     84
  98%     86
  99%     88
 100%    116 (longest request)
