This is ApacheBench, Version 2.3 <$Revision: 1879490 $>
Copyright 1996 Adam Twiss, Zeus Technology Ltd, http://www.zeustech.net/
Licensed to The Apache Software Foundation, http://www.apache.org/

Benchmarking localhost (be patient)


Server Software:        nginx/1.18.0
Server Hostname:        localhost
Server Port:            80

Document Path:          /
Document Length:        31711 bytes

Concurrency Level:      1
Time taken for tests:   30.006 seconds
Complete requests:      2012
Failed requests:        0
Total transferred:      64550996 bytes
HTML transferred:       63802532 bytes
Requests per second:    67.05 [#/sec] (mean)
Time per request:       14.914 [ms] (mean)
Time per request:       14.914 [ms] (mean, across all concurrent requests)
Transfer rate:          2100.82 [Kbytes/sec] received

Connection Times (ms)
              min  mean[+/-sd] median   max
Connect:        0    0   0.0      0       0
Processing:    14   15   0.6     15      23
Waiting:       14   15   0.6     15      23
Total:         14   15   0.6     15      23

Percentage of the requests served within a certain time (ms)
  50%     15
  66%     15
  75%     15
  80%     15
  90%     15
  95%     16
  98%     16
  99%     16
 100%     23 (longest request)
