This is ApacheBench, Version 2.3 <$Revision: 1879490 $>
Copyright 1996 Adam Twiss, Zeus Technology Ltd, http://www.zeustech.net/
Licensed to The Apache Software Foundation, http://www.apache.org/

Benchmarking localhost (be patient)


Server Software:        nginx/1.18.0
Server Hostname:        localhost
Server Port:            80

Document Path:          /
Document Length:        35111 bytes

Concurrency Level:      1
Time taken for tests:   30.028 seconds
Complete requests:      22
Failed requests:        0
Total transferred:      780626 bytes
HTML transferred:       772442 bytes
Requests per second:    0.73 [#/sec] (mean)
Time per request:       1364.889 [ms] (mean)
Time per request:       1364.889 [ms] (mean, across all concurrent requests)
Transfer rate:          25.39 [Kbytes/sec] received

Connection Times (ms)
              min  mean[+/-sd] median   max
Connect:        0    0   0.0      0       0
Processing:  1358 1365  12.1   1361    1417
Waiting:     1358 1365  12.1   1361    1417
Total:       1358 1365  12.1   1361    1417

Percentage of the requests served within a certain time (ms)
  50%   1361
  66%   1364
  75%   1365
  80%   1366
  90%   1368
  95%   1372
  98%   1417
  99%   1417
 100%   1417 (longest request)
