make[1]: Entering directory '/home/isucon/private_isu/webapp'
sudo pt-query-digest /var/log/mysql/mysql-slow.log

# 12s user time, 20ms system time, 29.20M rss, 34.88M vsz
# Current date: Fri Jul 15 19:15:44 2022
# Hostname: ip-172-31-25-238
# Files: /var/log/mysql/mysql-slow.log
# Overall: 143.75k total, 5 unique, 4.79k QPS, 0.38x concurrency _________
# Time range: 2022-07-15T10:15:02 to 2022-07-15T10:15:32
# Attribute          total     min     max     avg     95%  stddev  median
# ============     ======= ======= ======= ======= ======= ======= =======
# Exec time            11s     2us     5ms    79us    98us    40us    73us
# Lock time          122ms       0    31us       0     1us       0     1us
# Rows sent        292.76k       0      20    2.09    2.90    2.79    0.99
# Rows examine       1.00M       0      40    7.30   13.83    5.98    5.75
# Query size        28.29M      30     393  206.39  381.65  162.07   62.76

# Profile
# Rank Query ID                      Response time Calls R/Call V/M   Item
# ==== ============================= ============= ===== ====== ===== ====
#    1 0x7EE272CA51A6F90DD0A5A8B9...  5.8515 51.3% 61180 0.0001  0.00 SELECT comments users
#    2 0x422390B42D4DD86C7539A5F4...  4.3922 38.5% 61180 0.0001  0.00 SELECT comments
#    3 0xC81573858511DD46952CC22A...  0.6711  5.9%  3059 0.0002  0.00 SELECT posts users
# MISC 0xMISC                         0.4916  4.3% 18327 0.0000   0.0 <2 ITEMS>

# Query 1: 2.04k QPS, 0.20x concurrency, ID 0x7EE272CA51A6F90DD0A5A8B96A964A6A at byte 1447667
# This item is included in the report because it matches --limit.
# Scores: V/M = 0.00
# Time range: 2022-07-15T10:15:02 to 2022-07-15T10:15:32
# Attribute    pct   total     min     max     avg     95%  stddev  median
# ============ === ======= ======= ======= ======= ======= ======= =======
# Count         42   61180
# Exec time     51      6s    88us     5ms    95us   103us    39us    89us
# Lock time     47    58ms       0    26us       0     1us       0     1us
# Rows sent     59 173.26k       1       3    2.90    2.90    0.42    2.90
# Rows examine  33 346.53k       2       6    5.80    5.75    0.82    5.75
# Query size    80  22.88M     392     393  392.10  381.65       0  381.65
# String:
# Hosts        localhost
# Users        isuconp
# Query_time distribution
#   1us
#  10us  ################################################################
# 100us  ##########
#   1ms  #
#  10ms
# 100ms
#    1s
#  10s+
# Tables
#    SHOW TABLE STATUS LIKE 'comments'\G
#    SHOW CREATE TABLE `comments`\G
#    SHOW TABLE STATUS LIKE 'users'\G
#    SHOW CREATE TABLE `users`\G
# EXPLAIN /*!50100 PARTITIONS*/
SELECT comments.id, comments.post_id, comments.user_id, comments.comment, comments.created_at, users.id as u_id, users.account_name as u_account_name, users.passhash as u_passhash, users.authority as u_authority, users.del_flg as u_del_flg, users.created_at as u_created_at FROM comments join users on users.id = comments.user_id WHERE post_id = 9982 ORDER BY comments.created_at DESC LIMIT 3\G

# Query 2: 2.04k QPS, 0.15x concurrency, ID 0x422390B42D4DD86C7539A5F45EB76A80 at byte 1466139
# This item is included in the report because it matches --limit.
# Scores: V/M = 0.00
# Time range: 2022-07-15T10:15:02 to 2022-07-15T10:15:32
# Attribute    pct   total     min     max     avg     95%  stddev  median
# ============ === ======= ======= ======= ======= ======= ======= =======
# Count         42   61180
# Exec time     38      4s    66us   758us    71us    80us     6us    69us
# Lock time     48    59ms       0    31us       0     1us       0     1us
# Rows sent     20  59.75k       1       1       1       1       0       1
# Rows examine  54 558.63k       1      18    9.35   13.83    3.49    9.83
# Query size    13   3.80M      65      66   65.10   65.89    0.50   62.76
# String:
# Hosts        localhost
# Users        isuconp
# Query_time distribution
#   1us
#  10us  ################################################################
# 100us  #
#   1ms
#  10ms
# 100ms
#    1s
#  10s+
# Tables
#    SHOW TABLE STATUS LIKE 'comments'\G
#    SHOW CREATE TABLE `comments`\G
# EXPLAIN /*!50100 PARTITIONS*/
SELECT COUNT(*) AS `count` FROM `comments` WHERE `post_id` = 9983\G

# Query 3: 101.97 QPS, 0.02x concurrency, ID 0xC81573858511DD46952CC22A6DEF6EBE at byte 37090
# This item is included in the report because it matches --limit.
# Scores: V/M = 0.00
# Time range: 2022-07-15T10:15:02 to 2022-07-15T10:15:32
# Attribute    pct   total     min     max     avg     95%  stddev  median
# ============ === ======= ======= ======= ======= ======= ======= =======
# Count          2    3059
# Exec time      5   671ms   189us   970us   219us   236us    23us   214us
# Lock time      4     5ms     1us    20us     1us     1us       0     1us
# Rows sent     20  59.75k      20      20      20      20       0      20
# Rows examine  11 119.49k      40      40      40      40       0      40
# Query size     3   1.07M     366     366     366     366       0     366
# String:
# Hosts        localhost
# Users        isuconp
# Query_time distribution
#   1us
#  10us
# 100us  ################################################################
#   1ms
#  10ms
# 100ms
#    1s
#  10s+
# Tables
#    SHOW TABLE STATUS LIKE 'posts'\G
#    SHOW CREATE TABLE `posts`\G
#    SHOW TABLE STATUS LIKE 'users'\G
#    SHOW CREATE TABLE `users`\G
# EXPLAIN /*!50100 PARTITIONS*/
select posts.id, posts.user_id, posts.body, posts.created_at, posts.mime, users.id as users_id, users.account_name as users_account_name, users.passhash as users_passhash, users.authority as users_authority, users.del_flg as users_del_flg, users.created_at as users_created_at from posts join users on posts.user_id = users.id order by posts.created_at desc limit 20\G
make[1]: Leaving directory '/home/isucon/private_isu/webapp'
