This is ApacheBench, Version 2.3 <$Revision: 1879490 $>
Copyright 1996 Adam Twiss, Zeus Technology Ltd, http://www.zeustech.net/
Licensed to The Apache Software Foundation, http://www.apache.org/

Benchmarking localhost (be patient)


Server Software:        nginx/1.18.0
Server Hostname:        localhost
Server Port:            80

Document Path:          /
Document Length:        31711 bytes

Concurrency Level:      1
Time taken for tests:   30.005 seconds
Complete requests:      3059
Failed requests:        0
Total transferred:      98141897 bytes
HTML transferred:       97003949 bytes
Requests per second:    101.95 [#/sec] (mean)
Time per request:       9.809 [ms] (mean)
Time per request:       9.809 [ms] (mean, across all concurrent requests)
Transfer rate:          3194.21 [Kbytes/sec] received

Connection Times (ms)
              min  mean[+/-sd] median   max
Connect:        0    0   0.0      0       0
Processing:     9   10   0.7     10      22
Waiting:        9   10   0.7     10      22
Total:          9   10   0.7     10      22

Percentage of the requests served within a certain time (ms)
  50%     10
  66%     10
  75%     10
  80%     10
  90%     10
  95%     10
  98%     11
  99%     12
 100%     22 (longest request)
