
# 650ms user time, 20ms system time, 29.07M rss, 34.87M vsz
# Current date: Thu Jul 14 07:52:47 2022
# Hostname: ip-172-31-25-238
# Files: /var/log/mysql/mysql-slow.log
# Overall: 8.08k total, 6 unique, 260.68 QPS, 0.95x concurrency __________
# Time range: 2022-07-13T22:52:16 to 2022-07-13T22:52:47
# Attribute          total     min     max     avg     95%  stddev  median
# ============     ======= ======= ======= ======= ======= ======= =======
# Exec time            29s     2us    72ms     4ms    44ms    11ms    44us
# Lock time            3ms       0    14us       0     1us       0       0
# Rows sent        208.63k       0   9.77k   26.44    2.90  486.35       0
# Rows examine      88.52M       0  97.66k  11.22k  97.04k  30.88k       0
# Query size       298.90k      30      92   37.88   80.10   13.55   31.70

# Profile
# Rank Query ID                       Response time Calls R/Call V/M   Ite
# ==== ============================== ============= ===== ====== ===== ===
#    1 0x624863D30DAC59FA168492821... 21.2281 72.5%   462 0.0459  0.00 SELECT comments
#    2 0x422390B42D4DD86C7539A5F45...  7.4176 25.3%   462 0.0161  0.00 SELECT comments
# MISC 0xMISC                          0.6519  2.2%  7157 0.0001   0.0 <4 ITEMS>

# Query 1: 14.90 QPS, 0.68x concurrency, ID 0x624863D30DAC59FA16849282195BE09F at byte 37042
# This item is included in the report because it matches --limit.
# Scores: V/M = 0.00
# Time range: 2022-07-13T22:52:16 to 2022-07-13T22:52:47
# Attribute    pct   total     min     max     avg     95%  stddev  median
# ============ === ======= ======= ======= ======= ======= ======= =======
# Count          5     462
# Exec time     72     21s    46ms    66ms    46ms    46ms     1ms    44ms
# Lock time     17   572us     1us     2us     1us     1us       0     1us
# Rows sent      0   1.31k       1       3    2.91    2.90    0.40    2.90
# Rows examine  49  44.06M  97.66k  97.66k  97.66k  97.04k       0  97.04k
# Query size    12  37.04k      82      83   82.09   80.10       0   80.10
# String:
# Databases    isuconp
# Hosts        localhost
# Users        isuconp
# Query_time distribution
#   1us
#  10us
# 100us
#   1ms
#  10ms  ################################################################
# 100ms
#    1s
#  10s+
# Tables
#    SHOW TABLE STATUS FROM `isuconp` LIKE 'comments'\G
#    SHOW CREATE TABLE `isuconp`.`comments`\G
# EXPLAIN /*!50100 PARTITIONS*/
SELECT * FROM `comments` WHERE `post_id` = 9988 ORDER BY `created_at` DESC LIMIT 3\G

# Query 2: 14.90 QPS, 0.24x concurrency, ID 0x422390B42D4DD86C7539A5F45EB76A80 at byte 536
# This item is included in the report because it matches --limit.
# Scores: V/M = 0.00
# Time range: 2022-07-13T22:52:16 to 2022-07-13T22:52:47
# Attribute    pct   total     min     max     avg     95%  stddev  median
# ============ === ======= ======= ======= ======= ======= ======= =======
# Count          5     462
# Exec time     25      7s    16ms    64ms    16ms    16ms     2ms    16ms
# Lock time     14   475us       0     3us     1us     1us       0     1us
# Rows sent      0     462       1       1       1       1       0       1
# Rows examine  49  44.06M  97.66k  97.66k  97.66k  97.66k       0  97.66k
# Query size     9  29.37k      65      66   65.09   65.89    0.50   62.76
# String:
# Databases    isuconp
# Hosts        localhost
# Users        isuconp
# Query_time distribution
#   1us
#  10us
# 100us
#   1ms
#  10ms  ################################################################
# 100ms
#    1s
#  10s+
# Tables
#    SHOW TABLE STATUS FROM `isuconp` LIKE 'comments'\G
#    SHOW CREATE TABLE `isuconp`.`comments`\G
# EXPLAIN /*!50100 PARTITIONS*/
SELECT COUNT(*) AS `count` FROM `comments` WHERE `post_id` = 10001\G
