
# 14.1s user time, 30ms system time, 29.16M rss, 34.98M vsz
# Current date: Fri Jul 15 17:20:13 2022
# Hostname: ip-172-31-25-238
# Files: /var/log/mysql/mysql-slow.log
# Overall: 211.26k total, 6 unique, 7.04k QPS, 0.41x concurrency _________
# Time range: 2022-07-15T08:19:29 to 2022-07-15T08:19:59
# Attribute          total     min     max     avg     95%  stddev  median
# ============     ======= ======= ======= ======= ======= ======= =======
# Exec time            12s     2us     4ms    57us    76us    31us    47us
# Lock time          160ms       0    38us       0     1us       0     1us
# Rows sent        306.52k       0      20    1.49    2.90    1.94    0.99
# Rows examine     673.94k       0      40    3.27   10.84    4.94    0.99
# Query size        10.93M      30     366   54.26   80.10   35.41   36.69

# Profile
# Rank Query ID                     Response time Calls  R/Call V/M   Item
# ==== ============================ ============= ====== ====== ===== ====
#    1 0x396201721CD58410E070DA9...  5.5403 45.5% 116696 0.0000  0.00 SELECT users
#    2 0x624863D30DAC59FA1684928...  3.0479 25.0%  40240 0.0001  0.00 SELECT comments
#    3 0x422390B42D4DD86C7539A5F...  2.8528 23.4%  40240 0.0001  0.00 SELECT comments
#    4 0xC81573858511DD46952CC22...  0.4654  3.8%   2012 0.0002  0.00 SELECT posts users
# MISC 0xMISC                        0.2690  2.2%  12072 0.0000   0.0 <2 ITEMS>

# Query 1: 3.89k QPS, 0.18x concurrency, ID 0x396201721CD58410E070DA9421CA8C8D at byte 1963169
# This item is included in the report because it matches --limit.
# Scores: V/M = 0.00
# Time range: 2022-07-15T08:19:29 to 2022-07-15T08:19:59
# Attribute    pct   total     min     max     avg     95%  stddev  median
# ============ === ======= ======= ======= ======= ======= ======= =======
# Count         55  116696
# Exec time     45      6s    42us     4ms    47us    54us    28us    44us
# Lock time     57    93ms       0    33us       0     1us       0     1us
# Rows sent     37 113.96k       1       1       1       1       0       1
# Rows examine  16 113.96k       1       1       1       1       0       1
# Query size    38   4.22M      36      39   37.90   36.69    0.33   36.69
# String:
# Hosts        localhost
# Users        isuconp
# Query_time distribution
#   1us
#  10us  ################################################################
# 100us  #
#   1ms  #
#  10ms
# 100ms
#    1s
#  10s+
# Tables
#    SHOW TABLE STATUS LIKE 'users'\G
#    SHOW CREATE TABLE `users`\G
# EXPLAIN /*!50100 PARTITIONS*/
SELECT * FROM `users` WHERE `id` = 736\G

# Query 2: 1.34k QPS, 0.10x concurrency, ID 0x624863D30DAC59FA16849282195BE09F at byte 1993115
# This item is included in the report because it matches --limit.
# Scores: V/M = 0.00
# Time range: 2022-07-15T08:19:29 to 2022-07-15T08:19:59
# Attribute    pct   total     min     max     avg     95%  stddev  median
# ============ === ======= ======= ======= ======= ======= ======= =======
# Count         19   40240
# Exec time     25      3s    70us   493us    75us    84us     9us    73us
# Lock time     20    32ms       0    24us       0     1us       0     1us
# Rows sent     37 113.96k       1       3    2.90    2.90    0.42    2.90
# Rows examine  16 113.96k       1       3    2.90    2.90    0.42    2.90
# Query size    28   3.15M      82      83   82.10   80.10       0   80.10
# String:
# Hosts        localhost
# Users        isuconp
# Query_time distribution
#   1us
#  10us  ################################################################
# 100us  #
#   1ms
#  10ms
# 100ms
#    1s
#  10s+
# Tables
#    SHOW TABLE STATUS LIKE 'comments'\G
#    SHOW CREATE TABLE `comments`\G
# EXPLAIN /*!50100 PARTITIONS*/
SELECT * FROM `comments` WHERE `post_id` = 9999 ORDER BY `created_at` DESC LIMIT 3\G

# Query 3: 1.34k QPS, 0.10x concurrency, ID 0x422390B42D4DD86C7539A5F45EB76A80 at byte 41790744
# This item is included in the report because it matches --limit.
# Scores: V/M = 0.00
# Time range: 2022-07-15T08:19:29 to 2022-07-15T08:19:59
# Attribute    pct   total     min     max     avg     95%  stddev  median
# ============ === ======= ======= ======= ======= ======= ======= =======
# Count         19   40240
# Exec time     23      3s    64us   418us    70us    80us     8us    66us
# Lock time     19    32ms       0    38us       0     1us       0     1us
# Rows sent     12  39.30k       1       1       1       1       0       1
# Rows examine  54 367.43k       1      18    9.35   13.83    3.49    9.83
# Query size    22   2.50M      65      66   65.10   65.89    0.50   62.76
# String:
# Hosts        localhost
# Users        isuconp
# Query_time distribution
#   1us
#  10us  ################################################################
# 100us  #
#   1ms
#  10ms
# 100ms
#    1s
#  10s+
# Tables
#    SHOW TABLE STATUS LIKE 'comments'\G
#    SHOW CREATE TABLE `comments`\G
# EXPLAIN /*!50100 PARTITIONS*/
SELECT COUNT(*) AS `count` FROM `comments` WHERE `post_id` = 9996\G

# Query 4: 67.07 QPS, 0.02x concurrency, ID 0xC81573858511DD46952CC22A6DEF6EBE at byte 23968966
# This item is included in the report because it matches --limit.
# Scores: V/M = 0.00
# Time range: 2022-07-15T08:19:29 to 2022-07-15T08:19:59
# Attribute    pct   total     min     max     avg     95%  stddev  median
# ============ === ======= ======= ======= ======= ======= ======= =======
# Count          0    2012
# Exec time      3   465ms   198us   456us   231us   260us    19us   224us
# Lock time      2     3ms     1us    31us     1us     1us       0     1us
# Rows sent     12  39.30k      20      20      20      20       0      20
# Rows examine  11  78.59k      40      40      40      40       0      40
# Query size     6 719.13k     366     366     366     366       0     366
# String:
# Hosts        localhost
# Users        isuconp
# Query_time distribution
#   1us
#  10us
# 100us  ################################################################
#   1ms
#  10ms
# 100ms
#    1s
#  10s+
# Tables
#    SHOW TABLE STATUS LIKE 'posts'\G
#    SHOW CREATE TABLE `posts`\G
#    SHOW TABLE STATUS LIKE 'users'\G
#    SHOW CREATE TABLE `users`\G
# EXPLAIN /*!50100 PARTITIONS*/
select posts.id, posts.user_id, posts.body, posts.created_at, posts.mime, users.id as users_id, users.account_name as users_account_name, users.passhash as users_passhash, users.authority as users_authority, users.del_flg as users_del_flg, users.created_at as users_created_at from posts join users on posts.user_id = users.id order by posts.created_at desc limit 20\G
