
# 8.6s user time, 30ms system time, 29.13M rss, 34.88M vsz
# Current date: Thu Jul 14 20:47:51 2022
# Hostname: ip-172-31-25-238
# Files: /var/log/mysql/mysql-slow.log
# Overall: 150.15k total, 7 unique, 4.84k QPS, 0.35x concurrency _________
# Time range: 2022-07-14T11:47:12 to 2022-07-14T11:47:43
# Attribute          total     min     max     avg     95%  stddev  median
# ============     ======= ======= ======= ======= ======= ======= =======
# Exec time            11s     2us    23ms    73us    84us   761us    33us
# Lock time           47ms       0    22us       0     1us       0       0
# Rows sent          3.73M       0   9.77k   26.02    2.90  482.49       0
# Rows examine       7.53M       0  19.53k   52.60   11.95 1003.04       0
# Query size         5.41M      16      92   37.80   80.10   13.46   31.70

# Profile
# Rank Query ID                      Response time Calls R/Call V/M   Item
# ==== ============================= ============= ===== ====== ===== ====
#    1 0x1CD48AE21E9C97BE44D0B069...  5.9733 54.3%   384 0.0156  0.00 SELECT posts
#    2 0xDA556F9115773A1A99AA0165...  1.8500 16.8% 49920 0.0000  0.00 ADMIN PREPARE
#    3 0x396201721CD58410E070DA94...  1.5871 14.4% 33024 0.0000  0.00 SELECT users
#    4 0x624863D30DAC59FA16849282...  0.7920  7.2%  8448 0.0001  0.00 SELECT comments
#    5 0x422390B42D4DD86C7539A5F4...  0.6088  5.5%  8448 0.0001  0.00 SELECT comments
# MISC 0xMISC                         0.1806  1.6% 49927 0.0000   0.0 <2 ITEMS>

# Query 1: 12.80 QPS, 0.20x concurrency, ID 0x1CD48AE21E9C97BE44D0B06948A2E5CC at byte 1471192
# Scores: V/M = 0.00
# Time range: 2022-07-14T11:47:12 to 2022-07-14T11:47:42
# Attribute    pct   total     min     max     avg     95%  stddev  median
# ============ === ======= ======= ======= ======= ======= ======= =======
# Count          0     384
# Exec time     54      6s    15ms    23ms    16ms    15ms   795us    15ms
# Lock time      1   591us     1us    22us     1us     1us     1us     1us
# Rows sent     98   3.66M   9.77k   9.77k   9.77k   9.77k       0   9.77k
# Rows examine  97   7.32M  19.53k  19.53k  19.53k  19.53k       0  19.53k
# Query size     0  34.50k      92      92      92      92       0      92
# String:
# Hosts        localhost
# Users        isuconp
# Query_time distribution
#   1us
#  10us
# 100us
#   1ms
#  10ms  ################################################################
# 100ms
#    1s
#  10s+
# Tables
#    SHOW TABLE STATUS LIKE 'posts'\G
#    SHOW CREATE TABLE `posts`\G
# EXPLAIN /*!50100 PARTITIONS*/
SELECT `id`, `user_id`, `body`, `created_at`, `mime` FROM `posts` ORDER BY `created_at` DESC\G

# Query 2: 1.66k QPS, 0.06x concurrency, ID 0xDA556F9115773A1A99AA0165670CE848 at byte 4031376
# Scores: V/M = 0.00
# Time range: 2022-07-14T11:47:12 to 2022-07-14T11:47:42
# Attribute    pct   total     min     max     avg     95%  stddev  median
# ============ === ======= ======= ======= ======= ======= ======= =======
# Count         33   49920
# Exec time     16      2s    31us   668us    37us    42us    11us    33us
# Lock time      0       0       0       0       0       0       0       0
# Rows sent      0       0       0       0       0       0       0       0
# Rows examine   0       0       0       0       0       0       0       0
# Query size    26   1.43M      30      30      30      30       0      30
# String:
# Hosts        localhost
# Users        isuconp
# Query_time distribution
#   1us
#  10us  ################################################################
# 100us  #
#   1ms
#  10ms
# 100ms
#    1s
#  10s+
administrator command: Prepare\G

# Query 3: 1.10k QPS, 0.05x concurrency, ID 0x396201721CD58410E070DA9421CA8C8D at byte 10594650
# Scores: V/M = 0.00
# Time range: 2022-07-14T11:47:12 to 2022-07-14T11:47:42
# Attribute    pct   total     min     max     avg     95%  stddev  median
# ============ === ======= ======= ======= ======= ======= ======= =======
# Count         21   33024
# Exec time     14      2s    43us     4ms    48us    54us    36us    44us
# Lock time     64    30ms       0    21us       0     1us       0     1us
# Rows sent      0  32.25k       1       1       1       1       0       1
# Rows examine   0  32.25k       1       1       1       1       0       1
# Query size    22   1.19M      36      39   37.90   36.69    0.34   36.69
# String:
# Hosts        localhost
# Users        isuconp
# Query_time distribution
#   1us
#  10us  ################################################################
# 100us  #
#   1ms  #
#  10ms
# 100ms
#    1s
#  10s+
# Tables
#    SHOW TABLE STATUS LIKE 'users'\G
#    SHOW CREATE TABLE `users`\G
# EXPLAIN /*!50100 PARTITIONS*/
SELECT * FROM `users` WHERE `id` = 37\G

# Query 4: 281.60 QPS, 0.03x concurrency, ID 0x624863D30DAC59FA16849282195BE09F at byte 16116514
# Scores: V/M = 0.00
# Time range: 2022-07-14T11:47:12 to 2022-07-14T11:47:42
# Attribute    pct   total     min     max     avg     95%  stddev  median
# ============ === ======= ======= ======= ======= ======= ======= =======
# Count          5    8448
# Exec time      7   792ms    79us   538us    93us   103us    15us    89us
# Lock time     16     8ms       0    12us       0     1us       0     1us
# Rows sent      0  24.00k       1       3    2.91    2.90    0.40    2.90
# Rows examine   1 101.62k       2      21   12.32   16.81    3.59   12.54
# Query size    12 677.25k      82      83   82.09   80.10       0   80.10
# String:
# Hosts        localhost
# Users        isuconp
# Query_time distribution
#   1us
#  10us  ################################################################
# 100us  ##########
#   1ms
#  10ms
# 100ms
#    1s
#  10s+
# Tables
#    SHOW TABLE STATUS LIKE 'comments'\G
#    SHOW CREATE TABLE `comments`\G
# EXPLAIN /*!50100 PARTITIONS*/
SELECT * FROM `comments` WHERE `post_id` = 9991 ORDER BY `created_at` DESC LIMIT 3\G

# Query 5: 281.60 QPS, 0.02x concurrency, ID 0x422390B42D4DD86C7539A5F45EB76A80 at byte 26122891
# Scores: V/M = 0.00
# Time range: 2022-07-14T11:47:12 to 2022-07-14T11:47:42
# Attribute    pct   total     min     max     avg     95%  stddev  median
# ============ === ======= ======= ======= ======= ======= ======= =======
# Count          5    8448
# Exec time      5   609ms    63us   954us    72us   125us    23us    66us
# Lock time     17     8ms       0    17us       0     1us       0     1us
# Rows sent      0   8.25k       1       1       1       1       0       1
# Rows examine   1  77.62k       1      18    9.41   13.83    3.43    9.83
# Query size     9 537.00k      65      66   65.09   65.89    0.50   62.76
# String:
# Hosts        localhost
# Users        isuconp
# Query_time distribution
#   1us
#  10us  ################################################################
# 100us  ####
#   1ms
#  10ms
# 100ms
#    1s
#  10s+
# Tables
#    SHOW TABLE STATUS LIKE 'comments'\G
#    SHOW CREATE TABLE `comments`\G
# EXPLAIN /*!50100 PARTITIONS*/
SELECT COUNT(*) AS `count` FROM `comments` WHERE `post_id` = 9987\G
