
# 8.9s user time, 0 system time, 28.98M rss, 34.88M vsz
# Current date: Fri Jul 15 06:58:24 2022
# Hostname: ip-172-31-25-238
# Files: /var/log/mysql/mysql-slow.log
# Overall: 154.32k total, 6 unique, 5.14k QPS, 0.37x concurrency _________
# Time range: 2022-07-14T21:57:45 to 2022-07-14T21:58:15
# Attribute          total     min     max     avg     95%  stddev  median
# ============     ======= ======= ======= ======= ======= ======= =======
# Exec time            11s     1us    24ms    72us    69us   768us    33us
# Lock time           46ms       0    16us       0     1us       0       0
# Rows sent          3.83M       0   9.77k   26.04    2.90  482.70       0
# Rows examine       7.67M       0  19.53k   52.11    5.75 1003.50       0
# Query size         5.56M      30      92   37.80   80.10   13.46   31.70

# Profile
# Rank Query ID                      Response time Calls R/Call V/M   Item
# ==== ============================= ============= ===== ====== ===== ====
#    1 0x1CD48AE21E9C97BE44D0B069...  6.2021 55.6%   395 0.0157  0.00 SELECT posts
#    2 0xDA556F9115773A1A99AA0165...  1.8853 16.9% 51350 0.0000  0.00 ADMIN PREPARE
#    3 0x396201721CD58410E070DA94...  1.6108 14.4% 33970 0.0000  0.00 SELECT users
#    4 0x624863D30DAC59FA16849282...  0.6604  5.9%  8690 0.0001  0.00 SELECT comments
#    5 0x422390B42D4DD86C7539A5F4...  0.6173  5.5%  8690 0.0001  0.00 SELECT comments
# MISC 0xMISC                         0.1764  1.6% 51222 0.0000   0.0 <1 ITEMS>

# Query 1: 13.17 QPS, 0.21x concurrency, ID 0x1CD48AE21E9C97BE44D0B06948A2E5CC at byte 31621744
# Scores: V/M = 0.00
# Time range: 2022-07-14T21:57:45 to 2022-07-14T21:58:15
# Attribute    pct   total     min     max     avg     95%  stddev  median
# ============ === ======= ======= ======= ======= ======= ======= =======
# Count          0     395
# Exec time     55      6s    15ms    24ms    16ms    16ms   903us    15ms
# Lock time      0   438us     1us     3us     1us     1us       0     1us
# Rows sent     98   3.77M   9.77k   9.77k   9.77k   9.77k       0   9.77k
# Rows examine  98   7.53M  19.53k  19.53k  19.53k  19.53k       0  19.53k
# Query size     0  35.49k      92      92      92      92       0      92
# String:
# Hosts        localhost
# Users        isuconp
# Query_time distribution
#   1us
#  10us
# 100us
#   1ms
#  10ms  ################################################################
# 100ms
#    1s
#  10s+
# Tables
#    SHOW TABLE STATUS LIKE 'posts'\G
#    SHOW CREATE TABLE `posts`\G
# EXPLAIN /*!50100 PARTITIONS*/
SELECT `id`, `user_id`, `body`, `created_at`, `mime` FROM `posts` ORDER BY `created_at` DESC\G

# Query 2: 1.71k QPS, 0.06x concurrency, ID 0xDA556F9115773A1A99AA0165670CE848 at byte 6627622
# Scores: V/M = 0.00
# Time range: 2022-07-14T21:57:45 to 2022-07-14T21:58:15
# Attribute    pct   total     min     max     avg     95%  stddev  median
# ============ === ======= ======= ======= ======= ======= ======= =======
# Count         33   51350
# Exec time     16      2s    31us   528us    36us    40us     7us    33us
# Lock time      0       0       0       0       0       0       0       0
# Rows sent      0       0       0       0       0       0       0       0
# Rows examine   0       0       0       0       0       0       0       0
# Query size    26   1.47M      30      30      30      30       0      30
# String:
# Hosts        localhost
# Users        isuconp
# Query_time distribution
#   1us
#  10us  ################################################################
# 100us  #
#   1ms
#  10ms
# 100ms
#    1s
#  10s+
administrator command: Prepare\G

# Query 3: 1.13k QPS, 0.05x concurrency, ID 0x396201721CD58410E070DA9421CA8C8D at byte 13038284
# Scores: V/M = 0.00
# Time range: 2022-07-14T21:57:45 to 2022-07-14T21:58:15
# Attribute    pct   total     min     max     avg     95%  stddev  median
# ============ === ======= ======= ======= ======= ======= ======= =======
# Count         22   33970
# Exec time     14      2s    43us     4ms    47us    52us    30us    44us
# Lock time     65    30ms       0    16us       0     1us       0     1us
# Rows sent      0  33.17k       1       1       1       1       0       1
# Rows examine   0  33.17k       1       1       1       1       0       1
# Query size    22   1.23M      36      39   37.90   36.69    0.34   36.69
# String:
# Hosts        localhost
# Users        isuconp
# Query_time distribution
#   1us
#  10us  ################################################################
# 100us  #
#   1ms  #
#  10ms
# 100ms
#    1s
#  10s+
# Tables
#    SHOW TABLE STATUS LIKE 'users'\G
#    SHOW CREATE TABLE `users`\G
# EXPLAIN /*!50100 PARTITIONS*/
SELECT * FROM `users` WHERE `id` = 37\G

# Query 4: 289.67 QPS, 0.02x concurrency, ID 0x624863D30DAC59FA16849282195BE09F at byte 35727402
# Scores: V/M = 0.00
# Time range: 2022-07-14T21:57:45 to 2022-07-14T21:58:15
# Attribute    pct   total     min     max     avg     95%  stddev  median
# ============ === ======= ======= ======= ======= ======= ======= =======
# Count          5    8690
# Exec time      5   660ms    71us   562us    76us    84us    10us    73us
# Lock time     16     8ms       0    15us       0     1us       0     1us
# Rows sent      0  24.69k       1       3    2.91    2.90    0.40    2.90
# Rows examine   0  24.69k       1       3    2.91    2.90    0.40    2.90
# Query size    12 696.65k      82      83   82.09   80.10       0   80.10
# String:
# Hosts        localhost
# Users        isuconp
# Query_time distribution
#   1us
#  10us  ################################################################
# 100us  #
#   1ms
#  10ms
# 100ms
#    1s
#  10s+
# Tables
#    SHOW TABLE STATUS LIKE 'comments'\G
#    SHOW CREATE TABLE `comments`\G
# EXPLAIN /*!50100 PARTITIONS*/
SELECT * FROM `comments` WHERE `post_id` = 9989 ORDER BY `created_at` DESC LIMIT 3\G

# Query 5: 289.67 QPS, 0.02x concurrency, ID 0x422390B42D4DD86C7539A5F45EB76A80 at byte 7836431
# Scores: V/M = 0.00
# Time range: 2022-07-14T21:57:45 to 2022-07-14T21:58:15
# Attribute    pct   total     min     max     avg     95%  stddev  median
# ============ === ======= ======= ======= ======= ======= ======= =======
# Count          5    8690
# Exec time      5   617ms    64us   655us    71us    98us    14us    66us
# Lock time     17     8ms       0    15us       0     1us       0     1us
# Rows sent      0   8.49k       1       1       1       1       0       1
# Rows examine   1  79.85k       1      18    9.41   13.83    3.43    9.83
# Query size     9 552.38k      65      66   65.09   65.89    0.50   62.76
# String:
# Hosts        localhost
# Users        isuconp
# Query_time distribution
#   1us
#  10us  ################################################################
# 100us  ###
#   1ms
#  10ms
# 100ms
#    1s
#  10s+
# Tables
#    SHOW TABLE STATUS LIKE 'comments'\G
#    SHOW CREATE TABLE `comments`\G
# EXPLAIN /*!50100 PARTITIONS*/
SELECT COUNT(*) AS `count` FROM `comments` WHERE `post_id` = 9990\G
