
# 8.9s user time, 10ms system time, 29.02M rss, 34.98M vsz
# Current date: Thu Jul 14 20:46:07 2022
# Hostname: ip-172-31-25-238
# Files: /var/log/mysql/mysql-slow.log
# Overall: 151.06k total, 6 unique, 5.04k QPS, 0.37x concurrency _________
# Time range: 2022-07-14T11:45:28 to 2022-07-14T11:45:58
# Attribute          total     min     max     avg     95%  stddev  median
# ============     ======= ======= ======= ======= ======= ======= =======
# Exec time            11s     2us    63ms    74us    84us   786us    33us
# Lock time           47ms       0   274us       0     1us       0       0
# Rows sent          3.75M       0   9.77k   26.06    2.90  482.91       0
# Rows examine       7.59M       0  19.53k   52.69   11.95 1003.92       0
# Query size         5.45M      30      92   37.81   80.10   13.47   31.70

# Profile
# Rank Query ID                      Response time Calls R/Call V/M   Item
# ==== ============================= ============= ===== ====== ===== ====
#    1 0x1CD48AE21E9C97BE44D0B069...  6.1094 54.5%   387 0.0158  0.00 SELECT posts
#    2 0xDA556F9115773A1A99AA0165...  1.8660 16.7% 50310 0.0000  0.00 ADMIN PREPARE
#    3 0x396201721CD58410E070DA94...  1.5982 14.3% 33282 0.0000  0.00 SELECT users
#    4 0x624863D30DAC59FA16849282...  0.8456  7.5%  8514 0.0001  0.00 SELECT comments
#    5 0x422390B42D4DD86C7539A5F4...  0.6087  5.4%  8514 0.0001  0.00 SELECT comments
# MISC 0xMISC                         0.1772  1.6% 50050 0.0000   0.0 <1 ITEMS>

# Query 1: 12.90 QPS, 0.20x concurrency, ID 0x1CD48AE21E9C97BE44D0B06948A2E5CC at byte 0
# Scores: V/M = 0.00
# Time range: 2022-07-14T11:45:28 to 2022-07-14T11:45:58
# Attribute    pct   total     min     max     avg     95%  stddev  median
# ============ === ======= ======= ======= ======= ======= ======= =======
# Count          0     387
# Exec time     54      6s    15ms    63ms    16ms    16ms     3ms    15ms
# Lock time      1   534us     1us    10us     1us     1us       0     1us
# Rows sent     98   3.69M   9.77k   9.77k   9.77k   9.77k       0   9.77k
# Rows examine  97   7.38M  19.53k  19.53k  19.53k  19.53k       0  19.53k
# Query size     0  34.77k      92      92      92      92       0      92
# String:
# Databases    isuconp
# Hosts        localhost
# Users        isuconp
# Query_time distribution
#   1us
#  10us
# 100us
#   1ms
#  10ms  ################################################################
# 100ms
#    1s
#  10s+
# Tables
#    SHOW TABLE STATUS FROM `isuconp` LIKE 'posts'\G
#    SHOW CREATE TABLE `isuconp`.`posts`\G
# EXPLAIN /*!50100 PARTITIONS*/
SELECT `id`, `user_id`, `body`, `created_at`, `mime` FROM `posts` ORDER BY `created_at` DESC\G

# Query 2: 1.68k QPS, 0.06x concurrency, ID 0xDA556F9115773A1A99AA0165670CE848 at byte 15248013
# Scores: V/M = 0.00
# Time range: 2022-07-14T11:45:28 to 2022-07-14T11:45:58
# Attribute    pct   total     min     max     avg     95%  stddev  median
# ============ === ======= ======= ======= ======= ======= ======= =======
# Count         33   50310
# Exec time     16      2s    31us     4ms    37us    44us    28us    33us
# Lock time      0    11us       0     7us       0       0       0       0
# Rows sent      0       0       0       0       0       0       0       0
# Rows examine   0       0       0       0       0       0       0       0
# Query size    26   1.44M      30      30      30      30       0      30
# String:
# Databases    isuconp
# Hosts        localhost
# Users        isuconp
# Query_time distribution
#   1us
#  10us  ################################################################
# 100us  #
#   1ms  #
#  10ms
# 100ms
#    1s
#  10s+
administrator command: Prepare\G

# Query 3: 1.11k QPS, 0.05x concurrency, ID 0x396201721CD58410E070DA9421CA8C8D at byte 1072506
# Scores: V/M = 0.00
# Time range: 2022-07-14T11:45:28 to 2022-07-14T11:45:58
# Attribute    pct   total     min     max     avg     95%  stddev  median
# ============ === ======= ======= ======= ======= ======= ======= =======
# Count         22   33282
# Exec time     14      2s    43us     4ms    48us    54us    43us    44us
# Lock time     64    31ms       0   274us       0     1us     1us     1us
# Rows sent      0  32.50k       1       1       1       1       0       1
# Rows examine   0  32.50k       1       1       1       1       0       1
# Query size    22   1.20M      36      39   37.90   36.69    0.34   36.69
# String:
# Databases    isuconp
# Hosts        localhost
# Users        isuconp
# Query_time distribution
#   1us
#  10us  ################################################################
# 100us  #
#   1ms  #
#  10ms
# 100ms
#    1s
#  10s+
# Tables
#    SHOW TABLE STATUS FROM `isuconp` LIKE 'users'\G
#    SHOW CREATE TABLE `isuconp`.`users`\G
# EXPLAIN /*!50100 PARTITIONS*/
SELECT * FROM `users` WHERE `id` = 37\G

# Query 4: 283.80 QPS, 0.03x concurrency, ID 0x624863D30DAC59FA16849282195BE09F at byte 5773
# Scores: V/M = 0.00
# Time range: 2022-07-14T11:45:28 to 2022-07-14T11:45:58
# Attribute    pct   total     min     max     avg     95%  stddev  median
# ============ === ======= ======= ======= ======= ======= ======= =======
# Count          5    8514
# Exec time      7   846ms    79us     6ms    99us   108us   124us    89us
# Lock time     16     8ms       0    16us       0     1us       0     1us
# Rows sent      0  24.19k       1       3    2.91    2.90    0.40    2.90
# Rows examine   1 102.42k       2      21   12.32   16.81    3.59   12.54
# Query size    12 682.54k      82      83   82.09   80.10       0   80.10
# String:
# Databases    isuconp
# Hosts        localhost
# Users        isuconp
# Query_time distribution
#   1us
#  10us  ################################################################
# 100us  ###########
#   1ms  #
#  10ms
# 100ms
#    1s
#  10s+
# Tables
#    SHOW TABLE STATUS FROM `isuconp` LIKE 'comments'\G
#    SHOW CREATE TABLE `isuconp`.`comments`\G
# EXPLAIN /*!50100 PARTITIONS*/
SELECT * FROM `comments` WHERE `post_id` = 9999 ORDER BY `created_at` DESC LIMIT 3\G

# Query 5: 283.80 QPS, 0.02x concurrency, ID 0x422390B42D4DD86C7539A5F45EB76A80 at byte 29785197
# Scores: V/M = 0.00
# Time range: 2022-07-14T11:45:28 to 2022-07-14T11:45:58
# Attribute    pct   total     min     max     avg     95%  stddev  median
# ============ === ======= ======= ======= ======= ======= ======= =======
# Count          5    8514
# Exec time      5   609ms    63us   851us    71us   125us    19us    63us
# Lock time     17     8ms       0    16us       0     1us       0     1us
# Rows sent      0   8.31k       1       1       1       1       0       1
# Rows examine   1  78.23k       1      18    9.41   13.83    3.43    9.83
# Query size     9 541.20k      65      66   65.09   65.89    0.50   62.76
# String:
# Databases    isuconp
# Hosts        localhost
# Users        isuconp
# Query_time distribution
#   1us
#  10us  ################################################################
# 100us  ###
#   1ms
#  10ms
# 100ms
#    1s
#  10s+
# Tables
#    SHOW TABLE STATUS FROM `isuconp` LIKE 'comments'\G
#    SHOW CREATE TABLE `isuconp`.`comments`\G
# EXPLAIN /*!50100 PARTITIONS*/
SELECT COUNT(*) AS `count` FROM `comments` WHERE `post_id` = 9993\G
