
# 8.8s user time, 0 system time, 29.00M rss, 34.88M vsz
# Current date: Thu Jul 14 08:13:48 2022
# Hostname: ip-172-31-25-238
# Files: /var/log/mysql/mysql-slow.log
# Overall: 139.98k total, 6 unique, 4.67k QPS, 0.36x concurrency _________
# Time range: 2022-07-13T23:13:09 to 2022-07-13T23:13:39
# Attribute          total     min     max     avg     95%  stddev  median
# ============     ======= ======= ======= ======= ======= ======= =======
# Exec time            11s     2us    33ms    77us    93us   814us    36us
# Lock time           46ms       0    93us       0     1us       0       0
# Rows sent          3.47M       0   9.77k   26.02    2.90  482.50       0
# Rows examine       7.02M       0  19.53k   52.60   11.95 1003.06       0
# Query size         5.05M      30      92   37.80   80.10   13.46   31.70

# Profile
# Rank Query ID                      Response time Calls R/Call V/M   Item
# ==== ============================= ============= ===== ====== ===== ====
#    1 0x1CD48AE21E9C97BE44D0B069...  5.9454 54.8%   358 0.0166  0.00 SELECT posts
#    2 0xDA556F9115773A1A99AA0165...  1.8165 16.8% 46540 0.0000  0.00 ADMIN PREPARE
#    3 0x396201721CD58410E070DA94...  1.5332 14.1% 30788 0.0000  0.00 SELECT users
#    4 0x624863D30DAC59FA16849282...  0.7819  7.2%  7876 0.0001  0.00 SELECT comments
#    5 0x422390B42D4DD86C7539A5F4...  0.5947  5.5%  7876 0.0001  0.00 SELECT comments
# MISC 0xMISC                         0.1695  1.6% 46540 0.0000   0.0 <1 ITEMS>

# Query 1: 11.93 QPS, 0.20x concurrency, ID 0x1CD48AE21E9C97BE44D0B06948A2E5CC at byte 2218577
# Scores: V/M = 0.00
# Time range: 2022-07-13T23:13:09 to 2022-07-13T23:13:39
# Attribute    pct   total     min     max     avg     95%  stddev  median
# ============ === ======= ======= ======= ======= ======= ======= =======
# Count          0     358
# Exec time     54      6s    16ms    33ms    17ms    16ms     2ms    16ms
# Lock time      1   496us     1us     9us     1us     1us       0     1us
# Rows sent     98   3.41M   9.77k   9.77k   9.77k   9.77k       0   9.77k
# Rows examine  97   6.83M  19.53k  19.53k  19.53k  19.53k       0  19.53k
# Query size     0  32.16k      92      92      92      92       0      92
# String:
# Hosts        localhost
# Users        isuconp
# Query_time distribution
#   1us
#  10us
# 100us
#   1ms
#  10ms  ################################################################
# 100ms
#    1s
#  10s+
# Tables
#    SHOW TABLE STATUS LIKE 'posts'\G
#    SHOW CREATE TABLE `posts`\G
# EXPLAIN /*!50100 PARTITIONS*/
SELECT `id`, `user_id`, `body`, `created_at`, `mime` FROM `posts` ORDER BY `created_at` DESC\G

# Query 2: 1.55k QPS, 0.06x concurrency, ID 0xDA556F9115773A1A99AA0165670CE848 at byte 26218809
# Scores: V/M = 0.00
# Time range: 2022-07-13T23:13:09 to 2022-07-13T23:13:39
# Attribute    pct   total     min     max     avg     95%  stddev  median
# ============ === ======= ======= ======= ======= ======= ======= =======
# Count         33   46540
# Exec time     16      2s    33us     1ms    39us    44us    10us    36us
# Lock time      0       0       0       0       0       0       0       0
# Rows sent      0       0       0       0       0       0       0       0
# Rows examine   0       0       0       0       0       0       0       0
# Query size    26   1.33M      30      30      30      30       0      30
# String:
# Hosts        localhost
# Users        isuconp
# Query_time distribution
#   1us
#  10us  ################################################################
# 100us  #
#   1ms  #
#  10ms
# 100ms
#    1s
#  10s+
administrator command: Prepare\G

# Query 3: 1.03k QPS, 0.05x concurrency, ID 0x396201721CD58410E070DA9421CA8C8D at byte 16474314
# Scores: V/M = 0.00
# Time range: 2022-07-13T23:13:09 to 2022-07-13T23:13:39
# Attribute    pct   total     min     max     avg     95%  stddev  median
# ============ === ======= ======= ======= ======= ======= ======= =======
# Count         21   30788
# Exec time     14      2s    45us     3ms    49us    54us    21us    47us
# Lock time     64    30ms       0    93us       0     1us       0     1us
# Rows sent      0  30.07k       1       1       1       1       0       1
# Rows examine   0  30.07k       1       1       1       1       0       1
# Query size    22   1.11M      36      39   37.90   36.69    0.34   36.69
# String:
# Hosts        localhost
# Users        isuconp
# Query_time distribution
#   1us
#  10us  ################################################################
# 100us  #
#   1ms  #
#  10ms
# 100ms
#    1s
#  10s+
# Tables
#    SHOW TABLE STATUS LIKE 'users'\G
#    SHOW CREATE TABLE `users`\G
# EXPLAIN /*!50100 PARTITIONS*/
SELECT * FROM `users` WHERE `id` = 37\G

# Query 4: 262.53 QPS, 0.03x concurrency, ID 0x624863D30DAC59FA16849282195BE09F at byte 9047325
# Scores: V/M = 0.00
# Time range: 2022-07-13T23:13:09 to 2022-07-13T23:13:39
# Attribute    pct   total     min     max     avg     95%  stddev  median
# ============ === ======= ======= ======= ======= ======= ======= =======
# Count          5    7876
# Exec time      7   782ms    85us   790us    99us   108us    14us    93us
# Lock time     16     8ms       0    18us       0     1us       0     1us
# Rows sent      0  22.38k       1       3    2.91    2.90    0.40    2.90
# Rows examine   1  94.74k       2      21   12.32   16.81    3.59   12.54
# Query size    12 631.39k      82      83   82.09   80.10       0   80.10
# String:
# Hosts        localhost
# Users        isuconp
# Query_time distribution
#   1us
#  10us  ################################################################
# 100us  #####################################################
#   1ms
#  10ms
# 100ms
#    1s
#  10s+
# Tables
#    SHOW TABLE STATUS LIKE 'comments'\G
#    SHOW CREATE TABLE `comments`\G
# EXPLAIN /*!50100 PARTITIONS*/
SELECT * FROM `comments` WHERE `post_id` = 9987 ORDER BY `created_at` DESC LIMIT 3\G

# Query 5: 262.53 QPS, 0.02x concurrency, ID 0x422390B42D4DD86C7539A5F45EB76A80 at byte 3360562
# Scores: V/M = 0.00
# Time range: 2022-07-13T23:13:09 to 2022-07-13T23:13:39
# Attribute    pct   total     min     max     avg     95%  stddev  median
# ============ === ======= ======= ======= ======= ======= ======= =======
# Count          5    7876
# Exec time      5   595ms    67us   246us    75us   125us    16us    69us
# Lock time     17     8ms       0    29us     1us     1us       0     1us
# Rows sent      0   7.69k       1       1       1       1       0       1
# Rows examine   1  72.37k       1      18    9.41   13.83    3.43    9.83
# Query size     9 500.64k      65      66   65.09   65.89    0.50   62.76
# String:
# Hosts        localhost
# Users        isuconp
# Query_time distribution
#   1us
#  10us  ################################################################
# 100us  ###
#   1ms
#  10ms
# 100ms
#    1s
#  10s+
# Tables
#    SHOW TABLE STATUS LIKE 'comments'\G
#    SHOW CREATE TABLE `comments`\G
# EXPLAIN /*!50100 PARTITIONS*/
SELECT COUNT(*) AS `count` FROM `comments` WHERE `post_id` = 10001\G
