
# 23.4s user time, 40ms system time, 29.04M rss, 34.99M vsz
# Current date: Fri Jul 15 17:17:25 2022
# Hostname: ip-172-31-25-238
# Files: /var/log/mysql/mysql-slow.log
# Overall: 376.84k total, 6 unique, 12.56k QPS, 0.45x concurrency ________
# Time range: 2022-07-15T08:16:31 to 2022-07-15T08:17:01
# Attribute          total     min     max     avg     95%  stddev  median
# ============     ======= ======= ======= ======= ======= ======= =======
# Exec time            13s     1us   798us    35us    76us    27us    36us
# Lock time          128ms       0    31us       0     1us       0       0
# Rows sent        195.00k       0      20    0.53    2.90    1.35       0
# Rows examine     428.75k       0      40    1.17    7.70    3.32       0
# Query size        14.24M      30     366   39.61   80.10   23.77   31.70

# Profile
# Rank Query ID                     Response time Calls  R/Call V/M   Item
# ==== ============================ ============= ====== ====== ===== ====
#    1 0xDA556F9115773A1A99AA016...  4.9271 36.7% 125440 0.0000  0.00 ADMIN PREPARE
#    2 0x396201721CD58410E070DA9...  3.7533 28.0%  74240 0.0001  0.00 SELECT users
#    3 0x624863D30DAC59FA1684928...  2.0651 15.4%  25600 0.0001  0.00 SELECT comments
#    4 0x422390B42D4DD86C7539A5F...  1.9025 14.2%  25600 0.0001  0.00 SELECT comments
#    5 0x07890000813C4CC7111FD2D...  0.4691  3.5% 124681 0.0000  0.00 ADMIN CLOSE STMT
# MISC 0xMISC                        0.3055  2.3%   1280 0.0002   0.0 <1 ITEMS>

# Query 1: 4.18k QPS, 0.16x concurrency, ID 0xDA556F9115773A1A99AA0165670CE848 at byte 47402650
# Scores: V/M = 0.00
# Time range: 2022-07-15T08:16:31 to 2022-07-15T08:17:01
# Attribute    pct   total     min     max     avg     95%  stddev  median
# ============ === ======= ======= ======= ======= ======= ======= =======
# Count         33  125440
# Exec time     36      5s    33us   406us    39us    44us     5us    36us
# Lock time      0       0       0       0       0       0       0       0
# Rows sent      0       0       0       0       0       0       0       0
# Rows examine   0       0       0       0       0       0       0       0
# Query size    25   3.59M      30      30      30      30       0      30
# String:
# Hosts        localhost
# Users        isuconp
# Query_time distribution
#   1us
#  10us  ################################################################
# 100us  #
#   1ms
#  10ms
# 100ms
#    1s
#  10s+
administrator command: Prepare\G

# Query 2: 2.47k QPS, 0.13x concurrency, ID 0x396201721CD58410E070DA9421CA8C8D at byte 3158371
# Scores: V/M = 0.00
# Time range: 2022-07-15T08:16:31 to 2022-07-15T08:17:01
# Attribute    pct   total     min     max     avg     95%  stddev  median
# ============ === ======= ======= ======= ======= ======= ======= =======
# Count         19   74240
# Exec time     27      4s    45us   798us    50us    54us     7us    47us
# Lock time     58    74ms       0    31us     1us     1us       0     1us
# Rows sent     37  72.50k       1       1       1       1       0       1
# Rows examine  16  72.50k       1       1       1       1       0       1
# Query size    18   2.68M      36      39   37.90   36.69    0.33   36.69
# String:
# Hosts        localhost
# Users        isuconp
# Query_time distribution
#   1us
#  10us  ################################################################
# 100us  #
#   1ms
#  10ms
# 100ms
#    1s
#  10s+
# Tables
#    SHOW TABLE STATUS LIKE 'users'\G
#    SHOW CREATE TABLE `users`\G
# EXPLAIN /*!50100 PARTITIONS*/
SELECT * FROM `users` WHERE `id` = 838\G

# Query 3: 853.33 QPS, 0.07x concurrency, ID 0x624863D30DAC59FA16849282195BE09F at byte 62453168
# Scores: V/M = 0.00
# Time range: 2022-07-15T08:16:31 to 2022-07-15T08:17:01
# Attribute    pct   total     min     max     avg     95%  stddev  median
# ============ === ======= ======= ======= ======= ======= ======= =======
# Count          6   25600
# Exec time     15      2s    75us   398us    80us    89us     8us    76us
# Lock time     20    26ms       0    26us     1us     1us       0     1us
# Rows sent     37  72.50k       1       3    2.90    2.90    0.42    2.90
# Rows examine  16  72.50k       1       3    2.90    2.90    0.42    2.90
# Query size    14   2.00M      82      83   82.10   80.10       0   80.10
# String:
# Hosts        localhost
# Users        isuconp
# Query_time distribution
#   1us
#  10us  ################################################################
# 100us  #
#   1ms
#  10ms
# 100ms
#    1s
#  10s+
# Tables
#    SHOW TABLE STATUS LIKE 'comments'\G
#    SHOW CREATE TABLE `comments`\G
# EXPLAIN /*!50100 PARTITIONS*/
SELECT * FROM `comments` WHERE `post_id` = 9989 ORDER BY `created_at` DESC LIMIT 3\G

# Query 4: 853.33 QPS, 0.06x concurrency, ID 0x422390B42D4DD86C7539A5F45EB76A80 at byte 47498832
# Scores: V/M = 0.00
# Time range: 2022-07-15T08:16:31 to 2022-07-15T08:17:01
# Attribute    pct   total     min     max     avg     95%  stddev  median
# ============ === ======= ======= ======= ======= ======= ======= =======
# Count          6   25600
# Exec time     14      2s    68us   537us    74us    84us     7us    69us
# Lock time     20    26ms       0    26us     1us     1us       0     1us
# Rows sent     12  25.00k       1       1       1       1       0       1
# Rows examine  54 233.75k       1      18    9.35   13.83    3.49    9.83
# Query size    11   1.59M      65      66   65.10   65.89    0.50   62.76
# String:
# Hosts        localhost
# Users        isuconp
# Query_time distribution
#   1us
#  10us  ################################################################
# 100us  #
#   1ms
#  10ms
# 100ms
#    1s
#  10s+
# Tables
#    SHOW TABLE STATUS LIKE 'comments'\G
#    SHOW CREATE TABLE `comments`\G
# EXPLAIN /*!50100 PARTITIONS*/
SELECT COUNT(*) AS `count` FROM `comments` WHERE `post_id` = 9984\G

# Query 5: 4.16k QPS, 0.02x concurrency, ID 0x07890000813C4CC7111FD2D3F3B3B4EB at byte 29970723
# Scores: V/M = 0.00
# Time range: 2022-07-15T08:16:31 to 2022-07-15T08:17:01
# Attribute    pct   total     min     max     avg     95%  stddev  median
# ============ === ======= ======= ======= ======= ======= ======= =======
# Count         33  124681
# Exec time      3   469ms     1us   432us     3us     4us     2us     3us
# Lock time      0       0       0       0       0       0       0       0
# Rows sent      0       0       0       0       0       0       0       0
# Rows examine   0       0       0       0       0       0       0       0
# Query size    27   3.92M      33      33      33      33       0      33
# String:
# Hosts        localhost
# Users        isuconp
# Query_time distribution
#   1us  ################################################################
#  10us  #
# 100us  #
#   1ms
#  10ms
# 100ms
#    1s
#  10s+
administrator command: Close stmt\G
