
# 19.1s user time, 20ms system time, 29.00M rss, 34.88M vsz
# Current date: Fri Jul 15 07:04:58 2022
# Hostname: ip-172-31-25-238
# Files: /var/log/mysql/mysql-slow.log
# Overall: 338.12k total, 6 unique, 11.27k QPS, 0.56x concurrency ________
# Time range: 2022-07-14T22:04:09 to 2022-07-14T22:04:39
# Attribute          total     min     max     avg     95%  stddev  median
# ============     ======= ======= ======= ======= ======= ======= =======
# Exec time            17s     1us    12ms    50us    69us   332us    33us
# Lock time           96ms       0    27us       0     1us       0       0
# Rows sent        164.14k       0      20    0.50    2.90    1.25       0
# Rows examine       9.42M       0   9.79k   29.22    5.75  506.96       0
# Query size        12.21M      30     101   37.86   80.10   13.62   31.70

# Profile
# Rank Query ID                     Response time Calls  R/Call V/M   Item
# ==== ============================ ============= ====== ====== ===== ====
#    1 0xE83B5CEE90073D4A0C8A2D8...  6.1778 36.5%    955 0.0065  0.00 SELECT posts
#    2 0xDA556F9115773A1A99AA016...  4.1129 24.3% 112690 0.0000  0.00 ADMIN PREPARE
#    3 0x396201721CD58410E070DA9...  3.4943 20.7%  74490 0.0000  0.00 SELECT users
#    4 0x624863D30DAC59FA1684928...  1.4148  8.4%  19100 0.0001  0.00 SELECT comments
#    5 0x422390B42D4DD86C7539A5F...  1.3153  7.8%  19100 0.0001  0.00 SELECT comments
# MISC 0xMISC                        0.4035  2.4% 111789 0.0000   0.0 <1 ITEMS>

# Query 1: 31.83 QPS, 0.21x concurrency, ID 0xE83B5CEE90073D4A0C8A2D869BE0C528 at byte 2530123
# Scores: V/M = 0.00
# Time range: 2022-07-14T22:04:09 to 2022-07-14T22:04:39
# Attribute    pct   total     min     max     avg     95%  stddev  median
# ============ === ======= ======= ======= ======= ======= ======= =======
# Count          0     955
# Exec time     36      6s     6ms    12ms     6ms     7ms   330us     6ms
# Lock time      1   990us       0     2us     1us     1us       0     1us
# Rows sent     11  18.65k      20      20      20      20       0      20
# Rows examine  96   9.13M   9.79k   9.79k   9.79k   9.79k       0   9.79k
# Query size     0  94.19k     101     101     101     101       0     101
# String:
# Hosts        localhost
# Users        isuconp
# Query_time distribution
#   1us
#  10us
# 100us
#   1ms  ################################################################
#  10ms  #
# 100ms
#    1s
#  10s+
# Tables
#    SHOW TABLE STATUS LIKE 'posts'\G
#    SHOW CREATE TABLE `posts`\G
# EXPLAIN /*!50100 PARTITIONS*/
SELECT `id`, `user_id`, `body`, `created_at`, `mime` FROM `posts` ORDER BY `created_at` DESC LIMIT 20\G

# Query 2: 3.76k QPS, 0.14x concurrency, ID 0xDA556F9115773A1A99AA0165670CE848 at byte 2891713
# Scores: V/M = 0.00
# Time range: 2022-07-14T22:04:09 to 2022-07-14T22:04:39
# Attribute    pct   total     min     max     avg     95%  stddev  median
# ============ === ======= ======= ======= ======= ======= ======= =======
# Count         33  112690
# Exec time     24      4s    31us     5ms    36us    42us    15us    33us
# Lock time      0       0       0       0       0       0       0       0
# Rows sent      0       0       0       0       0       0       0       0
# Rows examine   0       0       0       0       0       0       0       0
# Query size    26   3.22M      30      30      30      30       0      30
# String:
# Hosts        localhost
# Users        isuconp
# Query_time distribution
#   1us
#  10us  ################################################################
# 100us  #
#   1ms  #
#  10ms
# 100ms
#    1s
#  10s+
administrator command: Prepare\G

# Query 3: 2.48k QPS, 0.12x concurrency, ID 0x396201721CD58410E070DA9421CA8C8D at byte 8585859
# Scores: V/M = 0.00
# Time range: 2022-07-14T22:04:09 to 2022-07-14T22:04:39
# Attribute    pct   total     min     max     avg     95%  stddev  median
# ============ === ======= ======= ======= ======= ======= ======= =======
# Count         22   74490
# Exec time     20      3s    43us     4ms    46us    49us    22us    44us
# Lock time     65    63ms       0    27us       0     1us       0     1us
# Rows sent     44  72.74k       1       1       1       1       0       1
# Rows examine   0  72.74k       1       1       1       1       0       1
# Query size    22   2.69M      36      39   37.91   36.69    0.35   36.69
# String:
# Hosts        localhost
# Users        isuconp
# Query_time distribution
#   1us
#  10us  ################################################################
# 100us  #
#   1ms  #
#  10ms
# 100ms
#    1s
#  10s+
# Tables
#    SHOW TABLE STATUS LIKE 'users'\G
#    SHOW CREATE TABLE `users`\G
# EXPLAIN /*!50100 PARTITIONS*/
SELECT * FROM `users` WHERE `id` = 544\G

# Query 4: 636.67 QPS, 0.05x concurrency, ID 0x624863D30DAC59FA16849282195BE09F at byte 2924910
# Scores: V/M = 0.00
# Time range: 2022-07-14T22:04:09 to 2022-07-14T22:04:39
# Attribute    pct   total     min     max     avg     95%  stddev  median
# ============ === ======= ======= ======= ======= ======= ======= =======
# Count          5   19100
# Exec time      8      1s    70us   246us    74us    80us     6us    69us
# Lock time     16    16ms       0    18us       0     1us       0     1us
# Rows sent     32  54.09k       1       3    2.90    2.90    0.42    2.90
# Rows examine   0  54.09k       1       3    2.90    2.90    0.42    2.90
# Query size    12   1.50M      82      83   82.10   80.10       0   80.10
# String:
# Hosts        localhost
# Users        isuconp
# Query_time distribution
#   1us
#  10us  ################################################################
# 100us  #
#   1ms
#  10ms
# 100ms
#    1s
#  10s+
# Tables
#    SHOW TABLE STATUS LIKE 'comments'\G
#    SHOW CREATE TABLE `comments`\G
# EXPLAIN /*!50100 PARTITIONS*/
SELECT * FROM `comments` WHERE `post_id` = 9986 ORDER BY `created_at` DESC LIMIT 3\G

# Query 5: 636.67 QPS, 0.04x concurrency, ID 0x422390B42D4DD86C7539A5F45EB76A80 at byte 2572204
# Scores: V/M = 0.00
# Time range: 2022-07-14T22:04:09 to 2022-07-14T22:04:39
# Attribute    pct   total     min     max     avg     95%  stddev  median
# ============ === ======= ======= ======= ======= ======= ======= =======
# Count          5   19100
# Exec time      7      1s    64us   621us    68us    76us     6us    66us
# Lock time     16    16ms       0    16us       0     1us       0     1us
# Rows sent     11  18.65k       1       1       1       1       0       1
# Rows examine   1 174.40k       1      18    9.35   13.83    3.49    9.83
# Query size     9   1.19M      65      66   65.10   65.89    0.50   62.76
# String:
# Hosts        localhost
# Users        isuconp
# Query_time distribution
#   1us
#  10us  ################################################################
# 100us  #
#   1ms
#  10ms
# 100ms
#    1s
#  10s+
# Tables
#    SHOW TABLE STATUS LIKE 'comments'\G
#    SHOW CREATE TABLE `comments`\G
# EXPLAIN /*!50100 PARTITIONS*/
SELECT COUNT(*) AS `count` FROM `comments` WHERE `post_id` = 9986\G
