
# 8.8s user time, 10ms system time, 29.12M rss, 34.86M vsz
# Current date: Thu Jul 14 21:04:24 2022
# Hostname: ip-172-31-25-238
# Files: /var/log/mysql/mysql-slow.log
# Overall: 151.71k total, 6 unique, 5.06k QPS, 0.36x concurrency _________
# Time range: 2022-07-14T12:03:45 to 2022-07-14T12:04:15
# Attribute          total     min     max     avg     95%  stddev  median
# ============     ======= ======= ======= ======= ======= ======= =======
# Exec time            11s     2us    38ms    72us    69us   769us    33us
# Lock time           47ms       0   215us       0     1us       0       0
# Rows sent          3.76M       0   9.77k   26.02    2.90  482.50       0
# Rows examine       7.53M       0  19.53k   52.07    5.75 1003.08       0
# Query size         5.47M      30      92   37.80   80.10   13.46   31.70

# Profile
# Rank Query ID                      Response time Calls R/Call V/M   Item
# ==== ============================= ============= ===== ====== ===== ====
#    1 0x1CD48AE21E9C97BE44D0B069...  6.0708 55.4%   388 0.0156  0.00 SELECT posts
#    2 0xDA556F9115773A1A99AA0165...  1.8476 16.9% 50440 0.0000  0.00 ADMIN PREPARE
#    3 0x396201721CD58410E070DA94...  1.5944 14.6% 33368 0.0000  0.00 SELECT users
#    4 0x624863D30DAC59FA16849282...  0.6449  5.9%  8536 0.0001  0.00 SELECT comments
#    5 0x422390B42D4DD86C7539A5F4...  0.6131  5.6%  8536 0.0001  0.00 SELECT comments
# MISC 0xMISC                         0.1782  1.6% 50440 0.0000   0.0 <1 ITEMS>

# Query 1: 12.93 QPS, 0.20x concurrency, ID 0x1CD48AE21E9C97BE44D0B06948A2E5CC at byte 26746875
# Scores: V/M = 0.00
# Time range: 2022-07-14T12:03:45 to 2022-07-14T12:04:15
# Attribute    pct   total     min     max     avg     95%  stddev  median
# ============ === ======= ======= ======= ======= ======= ======= =======
# Count          0     388
# Exec time     55      6s    15ms    38ms    16ms    16ms     2ms    15ms
# Lock time      1   561us     1us    10us     1us     1us       0     1us
# Rows sent     98   3.70M   9.77k   9.77k   9.77k   9.77k       0   9.77k
# Rows examine  98   7.40M  19.53k  19.53k  19.53k  19.53k       0  19.53k
# Query size     0  34.86k      92      92      92      92       0      92
# String:
# Hosts        localhost
# Users        isuconp
# Query_time distribution
#   1us
#  10us
# 100us
#   1ms
#  10ms  ################################################################
# 100ms
#    1s
#  10s+
# Tables
#    SHOW TABLE STATUS LIKE 'posts'\G
#    SHOW CREATE TABLE `posts`\G
# EXPLAIN /*!50100 PARTITIONS*/
SELECT `id`, `user_id`, `body`, `created_at`, `mime` FROM `posts` ORDER BY `created_at` DESC\G

# Query 2: 1.68k QPS, 0.06x concurrency, ID 0xDA556F9115773A1A99AA0165670CE848 at byte 1487724
# Scores: V/M = 0.00
# Time range: 2022-07-14T12:03:45 to 2022-07-14T12:04:15
# Attribute    pct   total     min     max     avg     95%  stddev  median
# ============ === ======= ======= ======= ======= ======= ======= =======
# Count         33   50440
# Exec time     16      2s    30us     2ms    36us    42us    11us    33us
# Lock time      0       0       0       0       0       0       0       0
# Rows sent      0       0       0       0       0       0       0       0
# Rows examine   0       0       0       0       0       0       0       0
# Query size    26   1.44M      30      30      30      30       0      30
# String:
# Hosts        localhost
# Users        isuconp
# Query_time distribution
#   1us
#  10us  ################################################################
# 100us  #
#   1ms  #
#  10ms
# 100ms
#    1s
#  10s+
administrator command: Prepare\G

# Query 3: 1.11k QPS, 0.05x concurrency, ID 0x396201721CD58410E070DA9421CA8C8D at byte 26839246
# Scores: V/M = 0.00
# Time range: 2022-07-14T12:03:45 to 2022-07-14T12:04:15
# Attribute    pct   total     min     max     avg     95%  stddev  median
# ============ === ======= ======= ======= ======= ======= ======= =======
# Count         21   33368
# Exec time     14      2s    42us     4ms    47us    52us    50us    44us
# Lock time     64    31ms       0   215us       0     1us     1us     1us
# Rows sent      0  32.59k       1       1       1       1       0       1
# Rows examine   0  32.59k       1       1       1       1       0       1
# Query size    22   1.21M      36      39   37.90   36.69    0.34   36.69
# String:
# Hosts        localhost
# Users        isuconp
# Query_time distribution
#   1us
#  10us  ################################################################
# 100us  #
#   1ms  #
#  10ms
# 100ms
#    1s
#  10s+
# Tables
#    SHOW TABLE STATUS LIKE 'users'\G
#    SHOW CREATE TABLE `users`\G
# EXPLAIN /*!50100 PARTITIONS*/
SELECT * FROM `users` WHERE `id` = 37\G

# Query 4: 284.53 QPS, 0.02x concurrency, ID 0x624863D30DAC59FA16849282195BE09F at byte 24887141
# Scores: V/M = 0.00
# Time range: 2022-07-14T12:03:45 to 2022-07-14T12:04:15
# Attribute    pct   total     min     max     avg     95%  stddev  median
# ============ === ======= ======= ======= ======= ======= ======= =======
# Count          5    8536
# Exec time      5   645ms    70us   313us    75us    84us    10us    69us
# Lock time     16     8ms       0     9us       0     1us       0     1us
# Rows sent      0  24.25k       1       3    2.91    2.90    0.40    2.90
# Rows examine   0  24.25k       1       3    2.91    2.90    0.40    2.90
# Query size    12 684.30k      82      83   82.09   80.10       0   80.10
# String:
# Hosts        localhost
# Users        isuconp
# Query_time distribution
#   1us
#  10us  ################################################################
# 100us  #
#   1ms
#  10ms
# 100ms
#    1s
#  10s+
# Tables
#    SHOW TABLE STATUS LIKE 'comments'\G
#    SHOW CREATE TABLE `comments`\G
# EXPLAIN /*!50100 PARTITIONS*/
SELECT * FROM `comments` WHERE `post_id` = 9982 ORDER BY `created_at` DESC LIMIT 3\G

# Query 5: 284.53 QPS, 0.02x concurrency, ID 0x422390B42D4DD86C7539A5F45EB76A80 at byte 24878161
# Scores: V/M = 0.00
# Time range: 2022-07-14T12:03:45 to 2022-07-14T12:04:15
# Attribute    pct   total     min     max     avg     95%  stddev  median
# ============ === ======= ======= ======= ======= ======= ======= =======
# Count          5    8536
# Exec time      5   613ms    64us     3ms    71us   119us    31us    66us
# Lock time     17     8ms       0    15us       0     1us       0     1us
# Rows sent      0   8.34k       1       1       1       1       0       1
# Rows examine   1  78.43k       1      18    9.41   13.83    3.43    9.83
# Query size     9 542.59k      65      66   65.09   65.89    0.50   62.76
# String:
# Hosts        localhost
# Users        isuconp
# Query_time distribution
#   1us
#  10us  ################################################################
# 100us  ###
#   1ms  #
#  10ms
# 100ms
#    1s
#  10s+
# Tables
#    SHOW TABLE STATUS LIKE 'comments'\G
#    SHOW CREATE TABLE `comments`\G
# EXPLAIN /*!50100 PARTITIONS*/
SELECT COUNT(*) AS `count` FROM `comments` WHERE `post_id` = 9985\G
