
# 25.8s user time, 50ms system time, 29.10M rss, 34.99M vsz
# Current date: Fri Jul 15 16:41:59 2022
# Hostname: ip-172-31-25-238
# Files: /var/log/mysql/mysql-slow.log
# Overall: 393.61k total, 6 unique, 13.12k QPS, 0.45x concurrency ________
# Time range: 2022-07-15T07:41:03 to 2022-07-15T07:41:33
# Attribute          total     min     max     avg     95%  stddev  median
# ============     ======= ======= ======= ======= ======= ======= =======
# Exec time            14s     1us     4ms    34us    76us    29us    36us
# Lock time          130ms       0    32us       0     1us       0       0
# Rows sent        190.95k       0      20    0.50    2.90    1.25       0
# Rows examine     393.84k       0      40    1.02    5.75    3.05       0
# Query size        14.49M      30     366   38.61   80.10   21.82   31.70

# Profile
# Rank Query ID                     Response time Calls  R/Call V/M   Item
# ==== ============================ ============= ====== ====== ===== ====
#    1 0xDA556F9115773A1A99AA016...  5.0622 37.3% 131098 0.0000  0.00 ADMIN PREPARE
#    2 0x396201721CD58410E070DA9...  4.3280 31.9%  86658 0.0000  0.00 SELECT users
#    3 0x624863D30DAC59FA1684928...  1.7765 13.1%  22220 0.0001  0.00 SELECT comments
#    4 0x422390B42D4DD86C7539A5F...  1.6396 12.1%  22220 0.0001  0.00 SELECT comments
#    5 0x07890000813C4CC7111FD2D...  0.4851  3.6% 130303 0.0000  0.00 ADMIN CLOSE STMT
# MISC 0xMISC                        0.2624  1.9%   1111 0.0002   0.0 <1 ITEMS>

# Query 1: 4.37k QPS, 0.17x concurrency, ID 0xDA556F9115773A1A99AA0165670CE848 at byte 3227155
# Scores: V/M = 0.00
# Time range: 2022-07-15T07:41:03 to 2022-07-15T07:41:33
# Attribute    pct   total     min     max     avg     95%  stddev  median
# ============ === ======= ======= ======= ======= ======= ======= =======
# Count         33  131098
# Exec time     37      5s    33us   736us    38us    42us     6us    36us
# Lock time      0       0       0       0       0       0       0       0
# Rows sent      0       0       0       0       0       0       0       0
# Rows examine   0       0       0       0       0       0       0       0
# Query size    25   3.75M      30      30      30      30       0      30
# String:
# Hosts        localhost
# Users        isuconp
# Query_time distribution
#   1us
#  10us  ################################################################
# 100us  #
#   1ms
#  10ms
# 100ms
#    1s
#  10s+
administrator command: Prepare\G

# Query 2: 2.89k QPS, 0.14x concurrency, ID 0x396201721CD58410E070DA9421CA8C8D at byte 3206877
# Scores: V/M = 0.00
# Time range: 2022-07-15T07:41:03 to 2022-07-15T07:41:33
# Attribute    pct   total     min     max     avg     95%  stddev  median
# ============ === ======= ======= ======= ======= ======= ======= =======
# Count         22   86658
# Exec time     31      4s    45us     4ms    49us    54us    26us    47us
# Lock time     64    84ms       0    28us       0     1us       0     1us
# Rows sent     44  84.63k       1       1       1       1       0       1
# Rows examine  21  84.63k       1       1       1       1       0       1
# Query size    21   3.13M      36      39   37.91   36.69    0.35   36.69
# String:
# Hosts        localhost
# Users        isuconp
# Query_time distribution
#   1us
#  10us  ################################################################
# 100us  #
#   1ms  #
#  10ms
# 100ms
#    1s
#  10s+
# Tables
#    SHOW TABLE STATUS LIKE 'users'\G
#    SHOW CREATE TABLE `users`\G
# EXPLAIN /*!50100 PARTITIONS*/
SELECT * FROM `users` WHERE `id` = 544\G

# Query 3: 740.67 QPS, 0.06x concurrency, ID 0x624863D30DAC59FA16849282195BE09F at byte 21021165
# Scores: V/M = 0.00
# Time range: 2022-07-15T07:41:03 to 2022-07-15T07:41:33
# Attribute    pct   total     min     max     avg     95%  stddev  median
# ============ === ======= ======= ======= ======= ======= ======= =======
# Count          5   22220
# Exec time     13      2s    75us   700us    79us    84us    10us    76us
# Lock time     17    22ms       0    32us     1us     1us       0     1us
# Rows sent     32  62.93k       1       3    2.90    2.90    0.42    2.90
# Rows examine  15  62.93k       1       3    2.90    2.90    0.42    2.90
# Query size    12   1.74M      82      83   82.10   80.10       0   80.10
# String:
# Hosts        localhost
# Users        isuconp
# Query_time distribution
#   1us
#  10us  ################################################################
# 100us  #
#   1ms
#  10ms
# 100ms
#    1s
#  10s+
# Tables
#    SHOW TABLE STATUS LIKE 'comments'\G
#    SHOW CREATE TABLE `comments`\G
# EXPLAIN /*!50100 PARTITIONS*/
SELECT * FROM `comments` WHERE `post_id` = 9991 ORDER BY `created_at` DESC LIMIT 3\G

# Query 4: 740.67 QPS, 0.05x concurrency, ID 0x422390B42D4DD86C7539A5F45EB76A80 at byte 36133045
# Scores: V/M = 0.00
# Time range: 2022-07-15T07:41:03 to 2022-07-15T07:41:33
# Attribute    pct   total     min     max     avg     95%  stddev  median
# ============ === ======= ======= ======= ======= ======= ======= =======
# Count          5   22220
# Exec time     12      2s    69us   483us    73us    80us     8us    69us
# Lock time     16    22ms       0    23us       0     1us       0     1us
# Rows sent     11  21.70k       1       1       1       1       0       1
# Rows examine  51 202.89k       1      18    9.35   13.83    3.49    9.83
# Query size     9   1.38M      65      66   65.10   65.89    0.50   62.76
# String:
# Hosts        localhost
# Users        isuconp
# Query_time distribution
#   1us
#  10us  ################################################################
# 100us  #
#   1ms
#  10ms
# 100ms
#    1s
#  10s+
# Tables
#    SHOW TABLE STATUS LIKE 'comments'\G
#    SHOW CREATE TABLE `comments`\G
# EXPLAIN /*!50100 PARTITIONS*/
SELECT COUNT(*) AS `count` FROM `comments` WHERE `post_id` = 9988\G

# Query 5: 4.34k QPS, 0.02x concurrency, ID 0x07890000813C4CC7111FD2D3F3B3B4EB at byte 17889986
# Scores: V/M = 0.00
# Time range: 2022-07-15T07:41:03 to 2022-07-15T07:41:33
# Attribute    pct   total     min     max     avg     95%  stddev  median
# ============ === ======= ======= ======= ======= ======= ======= =======
# Count         33  130303
# Exec time      3   485ms     1us   474us     3us     4us     2us     3us
# Lock time      0       0       0       0       0       0       0       0
# Rows sent      0       0       0       0       0       0       0       0
# Rows examine   0       0       0       0       0       0       0       0
# Query size    28   4.10M      33      33      33      33       0      33
# String:
# Hosts        localhost
# Users        isuconp
# Query_time distribution
#   1us  ################################################################
#  10us  #
# 100us  #
#   1ms
#  10ms
# 100ms
#    1s
#  10s+
administrator command: Close stmt\G
