
# 9s user time, 40ms system time, 29.04M rss, 34.88M vsz
# Current date: Fri Jul 15 07:02:22 2022
# Hostname: ip-172-31-25-238
# Files: /var/log/mysql/mysql-slow.log
# Overall: 156.53k total, 6 unique, 5.22k QPS, 0.38x concurrency _________
# Time range: 2022-07-14T22:01:43 to 2022-07-14T22:02:13
# Attribute          total     min     max     avg     95%  stddev  median
# ============     ======= ======= ======= ======= ======= ======= =======
# Exec time            11s     1us    35ms    71us    69us   766us    33us
# Lock time           46ms       0    70us       0     1us       0       0
# Rows sent          3.89M       0   9.77k   26.06    2.90  482.90       0
# Rows examine       7.79M       0  19.53k   52.16    5.75 1003.91       0
# Query size         5.64M      30      92   37.81   80.10   13.47   31.70

# Profile
# Rank Query ID                      Response time Calls R/Call V/M   Item
# ==== ============================= ============= ===== ====== ===== ====
#    1 0x1CD48AE21E9C97BE44D0B069...  6.2634 55.6%   401 0.0156  0.00 SELECT posts
#    2 0xDA556F9115773A1A99AA0165...  1.9096 17.0% 52130 0.0000  0.00 ADMIN PREPARE
#    3 0x396201721CD58410E070DA94...  1.6328 14.5% 34486 0.0000  0.00 SELECT users
#    4 0x624863D30DAC59FA16849282...  0.6647  5.9%  8822 0.0001  0.00 SELECT comments
#    5 0x422390B42D4DD86C7539A5F4...  0.6208  5.5%  8822 0.0001  0.00 SELECT comments
# MISC 0xMISC                         0.1693  1.5% 51870 0.0000   0.0 <1 ITEMS>

# Query 1: 13.37 QPS, 0.21x concurrency, ID 0x1CD48AE21E9C97BE44D0B06948A2E5CC at byte 1259894
# Scores: V/M = 0.00
# Time range: 2022-07-14T22:01:43 to 2022-07-14T22:02:13
# Attribute    pct   total     min     max     avg     95%  stddev  median
# ============ === ======= ======= ======= ======= ======= ======= =======
# Count          0     401
# Exec time     55      6s    15ms    35ms    16ms    16ms     1ms    15ms
# Lock time      1   468us     1us     9us     1us     1us       0     1us
# Rows sent     98   3.82M   9.77k   9.77k   9.77k   9.77k       0   9.77k
# Rows examine  98   7.65M  19.53k  19.53k  19.53k  19.53k       0  19.53k
# Query size     0  36.03k      92      92      92      92       0      92
# String:
# Hosts        localhost
# Users        isuconp
# Query_time distribution
#   1us
#  10us
# 100us
#   1ms
#  10ms  ################################################################
# 100ms
#    1s
#  10s+
# Tables
#    SHOW TABLE STATUS LIKE 'posts'\G
#    SHOW CREATE TABLE `posts`\G
# EXPLAIN /*!50100 PARTITIONS*/
SELECT `id`, `user_id`, `body`, `created_at`, `mime` FROM `posts` ORDER BY `created_at` DESC\G

# Query 2: 1.74k QPS, 0.06x concurrency, ID 0xDA556F9115773A1A99AA0165670CE848 at byte 29133346
# Scores: V/M = 0.00
# Time range: 2022-07-14T22:01:43 to 2022-07-14T22:02:13
# Attribute    pct   total     min     max     avg     95%  stddev  median
# ============ === ======= ======= ======= ======= ======= ======= =======
# Count         33   52130
# Exec time     16      2s    32us     2ms    36us    40us    12us    33us
# Lock time      0       0       0       0       0       0       0       0
# Rows sent      0       0       0       0       0       0       0       0
# Rows examine   0       0       0       0       0       0       0       0
# Query size    26   1.49M      30      30      30      30       0      30
# String:
# Hosts        localhost
# Users        isuconp
# Query_time distribution
#   1us
#  10us  ################################################################
# 100us  #
#   1ms  #
#  10ms
# 100ms
#    1s
#  10s+
administrator command: Prepare\G

# Query 3: 1.15k QPS, 0.05x concurrency, ID 0x396201721CD58410E070DA9421CA8C8D at byte 26515112
# Scores: V/M = 0.00
# Time range: 2022-07-14T22:01:43 to 2022-07-14T22:02:13
# Attribute    pct   total     min     max     avg     95%  stddev  median
# ============ === ======= ======= ======= ======= ======= ======= =======
# Count         22   34486
# Exec time     14      2s    43us     4ms    47us    52us    28us    44us
# Lock time     65    30ms       0    70us       0     1us       0     1us
# Rows sent      0  33.68k       1       1       1       1       0       1
# Rows examine   0  33.68k       1       1       1       1       0       1
# Query size    22   1.25M      36      39   37.90   36.69    0.34   36.69
# String:
# Hosts        localhost
# Users        isuconp
# Query_time distribution
#   1us
#  10us  ################################################################
# 100us  #
#   1ms  #
#  10ms
# 100ms
#    1s
#  10s+
# Tables
#    SHOW TABLE STATUS LIKE 'users'\G
#    SHOW CREATE TABLE `users`\G
# EXPLAIN /*!50100 PARTITIONS*/
SELECT * FROM `users` WHERE `id` = 37\G

# Query 4: 294.07 QPS, 0.02x concurrency, ID 0x624863D30DAC59FA16849282195BE09F at byte 24874909
# Scores: V/M = 0.00
# Time range: 2022-07-14T22:01:43 to 2022-07-14T22:02:13
# Attribute    pct   total     min     max     avg     95%  stddev  median
# ============ === ======= ======= ======= ======= ======= ======= =======
# Count          5    8822
# Exec time      5   665ms    71us   216us    75us    80us     7us    73us
# Lock time     16     8ms       0    15us       0     1us       0     1us
# Rows sent      0  25.06k       1       3    2.91    2.90    0.40    2.90
# Rows examine   0  25.06k       1       3    2.91    2.90    0.40    2.90
# Query size    12 707.23k      82      83   82.09   80.10       0   80.10
# String:
# Hosts        localhost
# Users        isuconp
# Query_time distribution
#   1us
#  10us  ################################################################
# 100us  #
#   1ms
#  10ms
# 100ms
#    1s
#  10s+
# Tables
#    SHOW TABLE STATUS LIKE 'comments'\G
#    SHOW CREATE TABLE `comments`\G
# EXPLAIN /*!50100 PARTITIONS*/
SELECT * FROM `comments` WHERE `post_id` = 9999 ORDER BY `created_at` DESC LIMIT 3\G

# Query 5: 294.07 QPS, 0.02x concurrency, ID 0x422390B42D4DD86C7539A5F45EB76A80 at byte 25450907
# Scores: V/M = 0.00
# Time range: 2022-07-14T22:01:43 to 2022-07-14T22:02:13
# Attribute    pct   total     min     max     avg     95%  stddev  median
# ============ === ======= ======= ======= ======= ======= ======= =======
# Count          5    8822
# Exec time      5   621ms    65us   513us    70us    84us    11us    66us
# Lock time     16     8ms       0    19us       0     1us       0     1us
# Rows sent      0   8.62k       1       1       1       1       0       1
# Rows examine   1  81.06k       1      18    9.41   13.83    3.43    9.83
# Query size     9 560.77k      65      66   65.09   65.89    0.50   62.76
# String:
# Hosts        localhost
# Users        isuconp
# Query_time distribution
#   1us
#  10us  ################################################################
# 100us  ##
#   1ms
#  10ms
# 100ms
#    1s
#  10s+
# Tables
#    SHOW TABLE STATUS LIKE 'comments'\G
#    SHOW CREATE TABLE `comments`\G
# EXPLAIN /*!50100 PARTITIONS*/
SELECT COUNT(*) AS `count` FROM `comments` WHERE `post_id` = 9997\G
